[0.081s] Invoking command in '/home/lemmy/robotis_ws/build/dynamixel_sdk_examples': CMAKE_PREFIX_PATH=/home/lemmy/robotis_ws/install/dynamixel_sdk_custom_interfaces:/home/lemmy/robotis_ws/install/dynamixel_sdk:/home/lemmy/robotis_ws/install/joystick_listener:/home/lemmy/robotis_ws/install/dynamixel_sdk_examples:/home/lemmy/ros2_ws/install/pantilt_bot_description:/home/lemmy/ros2_ws/install/open_manipulator_x_description:/home/lemmy/ros2_ws/install/dynamixel_hardware:/home/lemmy/robotis_ws/install/wheels_control:/home/lemmy/ros2_ws/install/my_robot_controller:/opt/ros/humble LD_LIBRARY_PATH=/home/lemmy/robotis_ws/install/dynamixel_sdk_custom_interfaces/lib:/home/lemmy/robotis_ws/install/dynamixel_sdk/lib:/home/lemmy/robotis_ws/install/joystick_listener/lib:/home/lemmy/ros2_ws/install/dynamixel_hardware/lib:/opt/ros/humble/opt/rviz_ogre_vendor/lib:/opt/ros/humble/lib/aarch64-linux-gnu:/opt/ros/humble/lib PYTHONPATH=/home/lemmy/robotis_ws/install/dynamixel_sdk_custom_interfaces/lib/python3.10/site-packages:/home/lemmy/robotis_ws/install/wheels_control/lib/python3.10/site-packages:/home/lemmy/robotis_ws/install/joystick_listener/lib/python3.10/site-packages:/home/lemmy/ros2_ws/install/my_robot_controller/lib/python3.10/site-packages:/opt/ros/humble/lib/python3.10/site-packages:/opt/ros/humble/local/lib/python3.10/dist-packages /usr/bin/cmake --build /home/lemmy/robotis_ws/build/dynamixel_sdk_examples -- -j4 -l4
[0.284s] [35m[1mConsolidate compiler generated dependencies of target velocity_control_node[0m
[0.291s] [35m[1mConsolidate compiler generated dependencies of target position_control_node[0m
[0.411s] [ 25%] [32mBuilding CXX object CMakeFiles/position_control_node.dir/src/position_control_node.cpp.o[0m
[0.451s] [ 75%] Built target velocity_control_node
[11.011s] In file included from [01m[K/home/lemmy/robotis_ws/src/DynamixelSDK/dynamixel_sdk_examples/src/position_control_node.cpp:11[m[K:
[11.012s] [01m[K/home/lemmy/robotis_ws/src/DynamixelSDK/dynamixel_sdk_examples/include/position_control_node.hpp:33:62:[m[K [01;31m[Kerror: [m[Kâ€˜[01m[KMovingStatus[m[Kâ€™ in namespace â€˜[01m[Kdynamixel_sdk_custom_interfaces::msg[m[Kâ€™ does not name a type
[11.012s]    33 |   using MovingStatus = dynamixel_sdk_custom_interfaces::msg::[01;31m[KMovingStatus[m[K;
[11.013s]       |                                                              [01;31m[K^~~~~~~~~~~~[m[K
[11.013s] [01m[K/home/lemmy/robotis_ws/src/DynamixelSDK/dynamixel_sdk_examples/include/position_control_node.hpp:34:61:[m[K [01;31m[Kerror: [m[Kâ€˜[01m[KPresentLoad[m[Kâ€™ in namespace â€˜[01m[Kdynamixel_sdk_custom_interfaces::msg[m[Kâ€™ does not name a type
[11.013s]    34 |   using PresentLoad = dynamixel_sdk_custom_interfaces::msg::[01;31m[KPresentLoad[m[K;
[11.014s]       |                                                             [01;31m[K^~~~~~~~~~~[m[K
[11.236s] [01m[K/home/lemmy/robotis_ws/src/DynamixelSDK/dynamixel_sdk_examples/include/position_control_node.hpp:46:59:[m[K [01;31m[Kerror: [m[Kâ€˜[01m[KMovingStatus[m[Kâ€™ is not a member of â€˜[01m[Kdynamixel_sdk_custom_interfaces::msg[m[Kâ€™
[11.237s]    46 |   rclcpp::Publisher<dynamixel_sdk_custom_interfaces::msg::[01;31m[KMovingStatus[m[K>::SharedPtr moving_status_publisher_;
[11.237s]       |                                                           [01;31m[K^~~~~~~~~~~~[m[K
[11.238s] [01m[K/home/lemmy/robotis_ws/src/DynamixelSDK/dynamixel_sdk_examples/include/position_control_node.hpp:46:71:[m[K [01;31m[Kerror: [m[Ktemplate argument 1 is invalid
[11.238s]    46 |   rclcpp::Publisher<dynamixel_sdk_custom_interfaces::msg::MovingStatus[01;31m[K>[m[K::SharedPtr moving_status_publisher_;
[11.238s]       |                                                                       [01;31m[K^[m[K
[11.238s] [01m[K/home/lemmy/robotis_ws/src/DynamixelSDK/dynamixel_sdk_examples/include/position_control_node.hpp:46:74:[m[K [01;31m[Kerror: [m[Kexpected â€˜[01m[K;[m[Kâ€™ at end of member declaration
[11.239s]    46 |   rclcpp::Publisher<dynamixel_sdk_custom_interfaces::msg::MovingStatus>::[01;31m[KSharedPtr[m[K moving_status_publisher_;
[11.239s]       |                                                                          [01;31m[K^~~~~~~~~[m[K
[11.239s]       |                                                                                   [32m[K;[m[K
[11.250s] [01m[K/home/lemmy/robotis_ws/src/DynamixelSDK/dynamixel_sdk_examples/include/position_control_node.hpp:46:84:[m[K [01;31m[Kerror: [m[Kâ€˜[01m[Kmoving_status_publisher_[m[Kâ€™ does not name a type
[11.251s]    46 |   rclcpp::Publisher<dynamixel_sdk_custom_interfaces::msg::MovingStatus>::SharedPtr [01;31m[Kmoving_status_publisher_[m[K;
[11.251s]       |                                                                                    [01;31m[K^~~~~~~~~~~~~~~~~~~~~~~~[m[K
[11.252s] [01m[K/home/lemmy/robotis_ws/src/DynamixelSDK/dynamixel_sdk_examples/include/position_control_node.hpp:47:59:[m[K [01;31m[Kerror: [m[Kâ€˜[01m[KPresentLoad[m[Kâ€™ is not a member of â€˜[01m[Kdynamixel_sdk_custom_interfaces::msg[m[Kâ€™
[11.252s]    47 |   rclcpp::Publisher<dynamixel_sdk_custom_interfaces::msg::[01;31m[KPresentLoad[m[K>::SharedPtr present_load_publisher_;
[11.253s]       |                                                           [01;31m[K^~~~~~~~~~~[m[K
[11.253s] [01m[K/home/lemmy/robotis_ws/src/DynamixelSDK/dynamixel_sdk_examples/include/position_control_node.hpp:47:70:[m[K [01;31m[Kerror: [m[Ktemplate argument 1 is invalid
[11.253s]    47 |   rclcpp::Publisher<dynamixel_sdk_custom_interfaces::msg::PresentLoad[01;31m[K>[m[K::SharedPtr present_load_publisher_;
[11.254s]       |                                                                      [01;31m[K^[m[K
[11.254s] [01m[K/home/lemmy/robotis_ws/src/DynamixelSDK/dynamixel_sdk_examples/include/position_control_node.hpp:47:73:[m[K [01;31m[Kerror: [m[Kexpected â€˜[01m[K;[m[Kâ€™ at end of member declaration
[11.254s]    47 |   rclcpp::Publisher<dynamixel_sdk_custom_interfaces::msg::PresentLoad>::[01;31m[KSharedPtr[m[K present_load_publisher_;
[11.254s]       |                                                                         [01;31m[K^~~~~~~~~[m[K
[11.255s]       |                                                                                  [32m[K;[m[K
[11.255s] [01m[K/home/lemmy/robotis_ws/src/DynamixelSDK/dynamixel_sdk_examples/include/position_control_node.hpp:47:73:[m[K [01;31m[Kerror: [m[Kredeclaration of â€˜[01m[Kint PositionControlNode::SharedPtr[m[Kâ€™
[11.256s] [01m[K/home/lemmy/robotis_ws/src/DynamixelSDK/dynamixel_sdk_examples/include/position_control_node.hpp:46:74:[m[K [01;36m[Knote: [m[Kprevious declaration â€˜[01m[Kint PositionControlNode::SharedPtr[m[Kâ€™
[11.256s]    46 |   rclcpp::Publisher<dynamixel_sdk_custom_interfaces::msg::MovingStatus>::[01;36m[KSharedPtr[m[K moving_status_publisher_;
[11.256s]       |                                                                          [01;36m[K^~~~~~~~~[m[K
[11.265s] [01m[K/home/lemmy/robotis_ws/src/DynamixelSDK/dynamixel_sdk_examples/include/position_control_node.hpp:47:83:[m[K [01;31m[Kerror: [m[Kâ€˜[01m[Kpresent_load_publisher_[m[Kâ€™ does not name a type
[11.266s]    47 |   rclcpp::Publisher<dynamixel_sdk_custom_interfaces::msg::PresentLoad>::SharedPtr [01;31m[Kpresent_load_publisher_[m[K;
[11.266s]       |                                                                                   [01;31m[K^~~~~~~~~~~~~~~~~~~~~~~[m[K
[11.322s] [01m[K/home/lemmy/robotis_ws/src/DynamixelSDK/dynamixel_sdk_examples/src/position_control_node.cpp:[m[K In constructor â€˜[01m[KPositionControlNode::PositionControlNode()[m[Kâ€™:
[11.325s] [01m[K/home/lemmy/robotis_ws/src/DynamixelSDK/dynamixel_sdk_examples/src/position_control_node.cpp:48:5:[m[K [01;31m[Kerror: [m[Kâ€˜[01m[Kmoving_status_publisher_[m[Kâ€™ was not declared in this scope
[11.326s]    48 |     [01;31m[Kmoving_status_publisher_[m[K = this->create_publisher<MovingStatus>("moving_status", 10);
[11.326s]       |     [01;31m[K^~~~~~~~~~~~~~~~~~~~~~~~[m[K
[11.349s] [01m[K/home/lemmy/robotis_ws/src/DynamixelSDK/dynamixel_sdk_examples/src/position_control_node.cpp:48:55:[m[K [01;31m[Kerror: [m[Kâ€˜[01m[KMovingStatus[m[Kâ€™ was not declared in this scope
[11.350s]    48 |     moving_status_publisher_ = this->create_publisher<[01;31m[KMovingStatus[m[K>("moving_status", 10);
[11.350s]       |                                                       [01;31m[K^~~~~~~~~~~~[m[K
[11.351s] [01m[K/home/lemmy/robotis_ws/src/DynamixelSDK/dynamixel_sdk_examples/src/position_control_node.cpp:48:68:[m[K [01;31m[Kerror: [m[Kno matching function for call to â€˜[01m[KPositionControlNode::create_publisher<<expression error> >(const char [14], int)[m[Kâ€™
[11.351s]    48 |     moving_status_publisher_ = [01;31m[Kthis->create_publisher<MovingStatus>("moving_status", 10)[m[K;
[11.351s]       |                                [01;31m[K~~~~~~~~~~~~~~~~~~~~~~~~~~~~~~~~~~~~^~~~~~~~~~~~~~~~~~~~~[m[K
[11.352s] In file included from [01m[K/opt/ros/humble/include/rclcpp/rclcpp/executors/single_threaded_executor.hpp:28[m[K,
[11.352s]                  from [01m[K/opt/ros/humble/include/rclcpp/rclcpp/executors.hpp:22[m[K,
[11.352s]                  from [01m[K/opt/ros/humble/include/rclcpp/rclcpp/rclcpp.hpp:155[m[K,
[11.353s]                  from [01m[K/home/lemmy/robotis_ws/src/DynamixelSDK/dynamixel_sdk_examples/src/position_control_node.cpp:8[m[K:
[11.353s] [01m[K/opt/ros/humble/include/rclcpp/rclcpp/node.hpp:195:3:[m[K [01;36m[Knote: [m[Kcandidate: â€˜[01m[Ktemplate<class MessageT, class AllocatorT, class PublisherT> std::shared_ptr<PublisherT> rclcpp::Node::create_publisher(const string&, const rclcpp::QoS&, const rclcpp::PublisherOptionsWithAllocator<AllocatorT>&)[m[Kâ€™
[11.354s]   195 |   [01;36m[Kcreate_publisher[m[K(
[11.354s]       |   [01;36m[K^~~~~~~~~~~~~~~~[m[K
[11.355s] [01m[K/opt/ros/humble/include/rclcpp/rclcpp/node.hpp:195:3:[m[K [01;36m[Knote: [m[K  template argument deduction/substitution failed:
[11.355s] [01m[K/home/lemmy/robotis_ws/src/DynamixelSDK/dynamixel_sdk_examples/src/position_control_node.cpp:48:68:[m[K [01;31m[Kerror: [m[Ktemplate argument 1 is invalid
[11.356s]    48 |     moving_status_publisher_ = [01;31m[Kthis->create_publisher<MovingStatus>("moving_status", 10)[m[K;
[11.356s]       |                                [01;31m[K~~~~~~~~~~~~~~~~~~~~~~~~~~~~~~~~~~~~^~~~~~~~~~~~~~~~~~~~~[m[K
[11.391s] [01m[K/home/lemmy/robotis_ws/src/DynamixelSDK/dynamixel_sdk_examples/src/position_control_node.cpp:49:5:[m[K [01;31m[Kerror: [m[Kâ€˜[01m[Kpresent_load_publisher_[m[Kâ€™ was not declared in this scope
[11.392s]    49 |     [01;31m[Kpresent_load_publisher_[m[K = this->create_publisher<PresentLoad>("present_load", 10);
[11.392s]       |     [01;31m[K^~~~~~~~~~~~~~~~~~~~~~~[m[K
[11.417s] [01m[K/home/lemmy/robotis_ws/src/DynamixelSDK/dynamixel_sdk_examples/src/position_control_node.cpp:49:54:[m[K [01;31m[Kerror: [m[Kâ€˜[01m[KPresentLoad[m[Kâ€™ was not declared in this scope
[11.417s]    49 |     present_load_publisher_ = this->create_publisher<[01;31m[KPresentLoad[m[K>("present_load", 10);
[11.418s]       |                                                      [01;31m[K^~~~~~~~~~~[m[K
[11.418s] [01m[K/home/lemmy/robotis_ws/src/DynamixelSDK/dynamixel_sdk_examples/src/position_control_node.cpp:49:66:[m[K [01;31m[Kerror: [m[Kno matching function for call to â€˜[01m[KPositionControlNode::create_publisher<<expression error> >(const char [13], int)[m[Kâ€™
[11.419s]    49 |     present_load_publisher_ = [01;31m[Kthis->create_publisher<PresentLoad>("present_load", 10)[m[K;
[11.419s]       |                               [01;31m[K~~~~~~~~~~~~~~~~~~~~~~~~~~~~~~~~~~~^~~~~~~~~~~~~~~~~~~~[m[K
[11.419s] In file included from [01m[K/opt/ros/humble/include/rclcpp/rclcpp/executors/single_threaded_executor.hpp:28[m[K,
[11.420s]                  from [01m[K/opt/ros/humble/include/rclcpp/rclcpp/executors.hpp:22[m[K,
[11.420s]                  from [01m[K/opt/ros/humble/include/rclcpp/rclcpp/rclcpp.hpp:155[m[K,
[11.421s]                  from [01m[K/home/lemmy/robotis_ws/src/DynamixelSDK/dynamixel_sdk_examples/src/position_control_node.cpp:8[m[K:
[11.421s] [01m[K/opt/ros/humble/include/rclcpp/rclcpp/node.hpp:195:3:[m[K [01;36m[Knote: [m[Kcandidate: â€˜[01m[Ktemplate<class MessageT, class AllocatorT, class PublisherT> std::shared_ptr<PublisherT> rclcpp::Node::create_publisher(const string&, const rclcpp::QoS&, const rclcpp::PublisherOptionsWithAllocator<AllocatorT>&)[m[Kâ€™
[11.422s]   195 |   [01;36m[Kcreate_publisher[m[K(
[11.422s]       |   [01;36m[K^~~~~~~~~~~~~~~~[m[K
[11.422s] [01m[K/opt/ros/humble/include/rclcpp/rclcpp/node.hpp:195:3:[m[K [01;36m[Knote: [m[K  template argument deduction/substitution failed:
[11.423s] [01m[K/home/lemmy/robotis_ws/src/DynamixelSDK/dynamixel_sdk_examples/src/position_control_node.cpp:49:66:[m[K [01;31m[Kerror: [m[Ktemplate argument 1 is invalid
[11.423s]    49 |     present_load_publisher_ = [01;31m[Kthis->create_publisher<PresentLoad>("present_load", 10)[m[K;
[11.423s]       |                               [01;31m[K~~~~~~~~~~~~~~~~~~~~~~~~~~~~~~~~~~~^~~~~~~~~~~~~~~~~~~~[m[K
[11.446s] [01m[K/home/lemmy/robotis_ws/src/DynamixelSDK/dynamixel_sdk_examples/src/position_control_node.cpp:94:98:[m[K [01;31m[Kerror: [m[Ka function-definition is not allowed here before â€˜[01m[K{[m[Kâ€™ token
[11.446s]    94 |     void handle_position(const dynamixel_sdk_custom_interfaces::msg::SetPosition::SharedPtr msg) [01;31m[K{[m[K
[11.446s]       |                                                                                                  [01;31m[K^[m[K
[11.447s] [01m[K/home/lemmy/robotis_ws/src/DynamixelSDK/dynamixel_sdk_examples/src/position_control_node.cpp:112:108:[m[K [01;31m[Kerror: [m[Ka function-definition is not allowed here before â€˜[01m[K{[m[Kâ€™ token
[11.447s]   112 |     void publishMovingStatus(const std::vector<int32_t>& ids, const std::vector<uint8_t>& moving_statuses) [01;31m[K{[m[K
[11.447s]       |                                                                                                            [01;31m[K^[m[K
[11.448s] [01m[K/home/lemmy/robotis_ws/src/DynamixelSDK/dynamixel_sdk_examples/src/position_control_node.cpp:119:97:[m[K [01;31m[Kerror: [m[Ka function-definition is not allowed here before â€˜[01m[K{[m[Kâ€™ token
[11.448s]   119 |     void publishPresentLoad(const std::vector<int32_t>& ids, const std::vector<int32_t>& loads) [01;31m[K{[m[K
[11.449s]       |                                                                                                 [01;31m[K^[m[K
[20.338s] gmake[2]: *** [CMakeFiles/position_control_node.dir/build.make:76: CMakeFiles/position_control_node.dir/src/position_control_node.cpp.o] Error 1
[20.339s] gmake[1]: *** [CMakeFiles/Makefile2:165: CMakeFiles/position_control_node.dir/all] Error 2
[20.340s] gmake: *** [Makefile:146: all] Error 2
[20.346s] Invoked command in '/home/lemmy/robotis_ws/build/dynamixel_sdk_examples' returned '2': CMAKE_PREFIX_PATH=/home/lemmy/robotis_ws/install/dynamixel_sdk_custom_interfaces:/home/lemmy/robotis_ws/install/dynamixel_sdk:/home/lemmy/robotis_ws/install/joystick_listener:/home/lemmy/robotis_ws/install/dynamixel_sdk_examples:/home/lemmy/ros2_ws/install/pantilt_bot_description:/home/lemmy/ros2_ws/install/open_manipulator_x_description:/home/lemmy/ros2_ws/install/dynamixel_hardware:/home/lemmy/robotis_ws/install/wheels_control:/home/lemmy/ros2_ws/install/my_robot_controller:/opt/ros/humble LD_LIBRARY_PATH=/home/lemmy/robotis_ws/install/dynamixel_sdk_custom_interfaces/lib:/home/lemmy/robotis_ws/install/dynamixel_sdk/lib:/home/lemmy/robotis_ws/install/joystick_listener/lib:/home/lemmy/ros2_ws/install/dynamixel_hardware/lib:/opt/ros/humble/opt/rviz_ogre_vendor/lib:/opt/ros/humble/lib/aarch64-linux-gnu:/opt/ros/humble/lib PYTHONPATH=/home/lemmy/robotis_ws/install/dynamixel_sdk_custom_interfaces/lib/python3.10/site-packages:/home/lemmy/robotis_ws/install/wheels_control/lib/python3.10/site-packages:/home/lemmy/robotis_ws/install/joystick_listener/lib/python3.10/site-packages:/home/lemmy/ros2_ws/install/my_robot_controller/lib/python3.10/site-packages:/opt/ros/humble/lib/python3.10/site-packages:/opt/ros/humble/local/lib/python3.10/dist-packages /usr/bin/cmake --build /home/lemmy/robotis_ws/build/dynamixel_sdk_examples -- -j4 -l4
