[35m[1mConsolidate compiler generated dependencies of target position_control_node[0m
[ 25%] [32mBuilding CXX object CMakeFiles/velocity_control_node.dir/src/velocity_control_node.cpp.o[0m
[ 50%] [32mBuilding CXX object CMakeFiles/position_control_node.dir/src/position_control_node.cpp.o[0m
[01m[K/home/lemmy/robotis_ws/src/DynamixelSDK/dynamixel_sdk_examples/src/position_control_node.cpp:[m[K In constructor â€˜[01m[KPositionControlNode::PositionControlNode()[m[Kâ€™:
[01m[K/home/lemmy/robotis_ws/src/DynamixelSDK/dynamixel_sdk_examples/src/position_control_node.cpp:96:98:[m[K [01;31m[Kerror: [m[Ka function-definition is not allowed here before â€˜[01m[K{[m[Kâ€™ token
   96 |     void handle_position(const dynamixel_sdk_custom_interfaces::msg::SetPosition::SharedPtr msg) [01;31m[K{[m[K
      |                                                                                                  [01;31m[K^[m[K
[01m[K/home/lemmy/robotis_ws/src/DynamixelSDK/dynamixel_sdk_examples/src/position_control_node.cpp:114:108:[m[K [01;31m[Kerror: [m[Ka function-definition is not allowed here before â€˜[01m[K{[m[Kâ€™ token
  114 |     void publishMovingStatus(const std::vector<int32_t>& ids, const std::vector<int32_t>& moving_statuses) [01;31m[K{[m[K
      |                                                                                                            [01;31m[K^[m[K
[01m[K/home/lemmy/robotis_ws/src/DynamixelSDK/dynamixel_sdk_examples/src/position_control_node.cpp:121:97:[m[K [01;31m[Kerror: [m[Ka function-definition is not allowed here before â€˜[01m[K{[m[Kâ€™ token
  121 |     void publishPresentLoad(const std::vector<int32_t>& ids, const std::vector<int32_t>& loads) [01;31m[K{[m[K
      |                                                                                                 [01;31m[K^[m[K
gmake[2]: *** [CMakeFiles/position_control_node.dir/build.make:76: CMakeFiles/position_control_node.dir/src/position_control_node.cpp.o] Error 1
gmake[1]: *** [CMakeFiles/Makefile2:165: CMakeFiles/position_control_node.dir/all] Error 2
gmake[1]: *** Waiting for unfinished jobs....
[ 75%] [32m[1mLinking CXX executable velocity_control_node[0m
[ 75%] Built target velocity_control_node
gmake: *** [Makefile:146: all] Error 2
