[0.077s] Invoking command in '/home/lemmy/robotis_ws/build/dynamixel_sdk_examples': CMAKE_PREFIX_PATH=/home/lemmy/robotis_ws/install/dynamixel_sdk_custom_interfaces:/home/lemmy/robotis_ws/install/dynamixel_sdk:/home/lemmy/robotis_ws/install/joystick_listener:/home/lemmy/robotis_ws/install/dynamixel_sdk_examples:/home/lemmy/ros2_ws/install/pantilt_bot_description:/home/lemmy/ros2_ws/install/open_manipulator_x_description:/home/lemmy/ros2_ws/install/dynamixel_hardware:/home/lemmy/robotis_ws/install/wheels_control:/home/lemmy/ros2_ws/install/my_robot_controller:/opt/ros/humble LD_LIBRARY_PATH=/home/lemmy/robotis_ws/install/dynamixel_sdk_custom_interfaces/lib:/home/lemmy/robotis_ws/install/dynamixel_sdk/lib:/home/lemmy/robotis_ws/install/joystick_listener/lib:/home/lemmy/ros2_ws/install/dynamixel_hardware/lib:/opt/ros/humble/opt/rviz_ogre_vendor/lib:/opt/ros/humble/lib/aarch64-linux-gnu:/opt/ros/humble/lib PYTHONPATH=/home/lemmy/robotis_ws/install/dynamixel_sdk_custom_interfaces/lib/python3.10/site-packages:/home/lemmy/robotis_ws/install/wheels_control/lib/python3.10/site-packages:/home/lemmy/robotis_ws/install/joystick_listener/lib/python3.10/site-packages:/home/lemmy/ros2_ws/install/my_robot_controller/lib/python3.10/site-packages:/opt/ros/humble/lib/python3.10/site-packages:/opt/ros/humble/local/lib/python3.10/dist-packages /usr/bin/cmake --build /home/lemmy/robotis_ws/build/dynamixel_sdk_examples -- -j4 -l4
[0.306s] [35m[1mConsolidate compiler generated dependencies of target position_control_node[0m
[0.443s] [ 50%] Built target velocity_control_node
[0.479s] [ 75%] [32mBuilding CXX object CMakeFiles/position_control_node.dir/src/position_control_node.cpp.o[0m
[10.804s] [01m[K/home/lemmy/robotis_ws/src/DynamixelSDK/dynamixel_sdk_examples/src/position_control_node.cpp:[m[K In constructor â€˜[01m[KPositionControlNode::PositionControlNode()[m[Kâ€™:
[10.805s] [01m[K/home/lemmy/robotis_ws/src/DynamixelSDK/dynamixel_sdk_examples/src/position_control_node.cpp:49:80:[m[K [01;31m[Kerror: [m[Kâ€˜[01m[Kqos[m[Kâ€™ was not declared in this scope; did you mean â€˜[01m[Kcos[m[Kâ€™?
[10.805s]    49 |     moving_status_publisher_ = this->create_publisher<Status>("moving_status", [01;31m[Kqos[m[K);
[10.805s]       |                                                                                [01;31m[K^~~[m[K
[10.806s]       |                                                                                [32m[Kcos[m[K
[10.848s] [01m[K/home/lemmy/robotis_ws/src/DynamixelSDK/dynamixel_sdk_examples/src/position_control_node.cpp:[m[K In lambda function:
[10.849s] [01m[K/home/lemmy/robotis_ws/src/DynamixelSDK/dynamixel_sdk_examples/src/position_control_node.cpp:55:17:[m[K [01;31m[Kerror: [m[Kâ€˜[01m[Kupdate_motor_status[m[Kâ€™ was not declared in this scope
[10.849s]    55 |                 [01;31m[Kupdate_motor_status[m[K(msg->ids[0], msg->positions[0]);
[10.850s]       |                 [01;31m[K^~~~~~~~~~~~~~~~~~~[m[K
[10.851s] [01m[K/home/lemmy/robotis_ws/src/DynamixelSDK/dynamixel_sdk_examples/src/position_control_node.cpp:[m[K At global scope:
[10.851s] [01m[K/home/lemmy/robotis_ws/src/DynamixelSDK/dynamixel_sdk_examples/src/position_control_node.cpp:60:10:[m[K [01;31m[Kerror: [m[Kno declaration matches â€˜[01m[Kvoid PositionControlNode::update_motor_status(uint8_t, uint32_t)[m[Kâ€™
[10.852s]    60 |     void [01;31m[KPositionControlNode[m[K::update_motor_status(uint8_t id, uint32_t position) {
[10.853s]       |          [01;31m[K^~~~~~~~~~~~~~~~~~~[m[K
[10.853s] [01m[K/home/lemmy/robotis_ws/src/DynamixelSDK/dynamixel_sdk_examples/src/position_control_node.cpp:60:10:[m[K [01;36m[Knote: [m[Kno functions named â€˜[01m[Kvoid PositionControlNode::update_motor_status(uint8_t, uint32_t)[m[Kâ€™
[10.854s] In file included from [01m[K/home/lemmy/robotis_ws/src/DynamixelSDK/dynamixel_sdk_examples/src/position_control_node.cpp:12[m[K:
[10.855s] [01m[K/home/lemmy/robotis_ws/src/DynamixelSDK/dynamixel_sdk_examples/include/position_control_node.hpp:29:7:[m[K [01;36m[Knote: [m[Kâ€˜[01m[Kclass PositionControlNode[m[Kâ€™ defined here
[10.855s]    29 | class [01;36m[KPositionControlNode[m[K : public rclcpp::Node
[10.856s]       |       [01;36m[K^~~~~~~~~~~~~~~~~~~[m[K
[10.856s] [01m[K/home/lemmy/robotis_ws/src/DynamixelSDK/dynamixel_sdk_examples/src/position_control_node.cpp:94:14:[m[K [01;31m[Kerror: [m[Kinvalid use of â€˜[01m[Kthis[m[Kâ€™ at top level
[10.857s]    94 |             [[01;31m[Kthis[m[K](
[10.857s]       |              [01;31m[K^~~~[m[K
[10.858s] [01m[K/home/lemmy/robotis_ws/src/DynamixelSDK/dynamixel_sdk_examples/src/position_control_node.cpp:95:43:[m[K [01;31m[Kerror: [m[Kâ€˜[01m[KGetPosition[m[Kâ€™ was not declared in this scope; did you mean â€˜[01m[Kdynamixel_sdk_custom_interfaces::srv::GetPosition[m[Kâ€™?
[10.858s]    95 |                     const std::shared_ptr<[01;31m[KGetPosition[m[K::Request> request,
[10.859s]       |                                           [01;31m[K^~~~~~~~~~~[m[K
[10.859s]       |                                           [32m[Kdynamixel_sdk_custom_interfaces::srv::GetPosition[m[K
[10.859s] In file included from [01m[K/home/lemmy/robotis_ws/install/dynamixel_sdk_custom_interfaces/include/dynamixel_sdk_custom_interfaces/dynamixel_sdk_custom_interfaces/srv/get_position.hpp:7[m[K,
[10.860s]                  from [01m[K/home/lemmy/robotis_ws/src/DynamixelSDK/dynamixel_sdk_examples/src/position_control_node.cpp:8[m[K:
[10.860s] [01m[K/home/lemmy/robotis_ws/install/dynamixel_sdk_custom_interfaces/include/dynamixel_sdk_custom_interfaces/dynamixel_sdk_custom_interfaces/srv/detail/get_position__struct.hpp:235:8:[m[K [01;36m[Knote: [m[Kâ€˜[01m[Kdynamixel_sdk_custom_interfaces::srv::GetPosition[m[Kâ€™ declared here
[10.861s]   235 | struct [01;36m[KGetPosition[m[K
[10.861s]       |        [01;36m[K^~~~~~~~~~~[m[K
[10.862s] [01m[K/home/lemmy/robotis_ws/src/DynamixelSDK/dynamixel_sdk_examples/src/position_control_node.cpp:95:63:[m[K [01;31m[Kerror: [m[Ktemplate argument 1 is invalid
[10.862s]    95 |                     const std::shared_ptr<GetPosition::Request[01;31m[K>[m[K request,
[10.863s]       |                                                               [01;31m[K^[m[K
[10.864s] [01m[K/home/lemmy/robotis_ws/src/DynamixelSDK/dynamixel_sdk_examples/src/position_control_node.cpp:96:37:[m[K [01;31m[Kerror: [m[Kâ€˜[01m[KGetPosition[m[Kâ€™ was not declared in this scope; did you mean â€˜[01m[Kdynamixel_sdk_custom_interfaces::srv::GetPosition[m[Kâ€™?
[10.864s]    96 |                     std::shared_ptr<[01;31m[KGetPosition[m[K::Response> response) -> void
[10.865s]       |                                     [01;31m[K^~~~~~~~~~~[m[K
[10.865s]       |                                     [32m[Kdynamixel_sdk_custom_interfaces::srv::GetPosition[m[K
[10.865s] In file included from [01m[K/home/lemmy/robotis_ws/install/dynamixel_sdk_custom_interfaces/include/dynamixel_sdk_custom_interfaces/dynamixel_sdk_custom_interfaces/srv/get_position.hpp:7[m[K,
[10.865s]                  from [01m[K/home/lemmy/robotis_ws/src/DynamixelSDK/dynamixel_sdk_examples/src/position_control_node.cpp:8[m[K:
[10.866s] [01m[K/home/lemmy/robotis_ws/install/dynamixel_sdk_custom_interfaces/include/dynamixel_sdk_custom_interfaces/dynamixel_sdk_custom_interfaces/srv/detail/get_position__struct.hpp:235:8:[m[K [01;36m[Knote: [m[Kâ€˜[01m[Kdynamixel_sdk_custom_interfaces::srv::GetPosition[m[Kâ€™ declared here
[10.866s]   235 | struct [01;36m[KGetPosition[m[K
[10.866s]       |        [01;36m[K^~~~~~~~~~~[m[K
[10.866s] [01m[K/home/lemmy/robotis_ws/src/DynamixelSDK/dynamixel_sdk_examples/src/position_control_node.cpp:96:58:[m[K [01;31m[Kerror: [m[Ktemplate argument 1 is invalid
[10.867s]    96 |                     std::shared_ptr<GetPosition::Response[01;31m[K>[m[K response) -> void
[10.867s]       |                                                          [01;31m[K^[m[K
[10.867s] [01m[K/home/lemmy/robotis_ws/src/DynamixelSDK/dynamixel_sdk_examples/src/position_control_node.cpp:[m[K In lambda function:
[10.868s] [01m[K/home/lemmy/robotis_ws/src/DynamixelSDK/dynamixel_sdk_examples/src/position_control_node.cpp:102:42:[m[K [01;31m[Kerror: [m[Kbase operand of â€˜[01m[K->[m[Kâ€™ is not a pointer
[10.868s]   102 |                         (uint8_t) request[01;31m[K->[m[Kids[0],
[10.868s]       |                                          [01;31m[K^~[m[K
[10.885s] [01m[K/home/lemmy/robotis_ws/src/DynamixelSDK/dynamixel_sdk_examples/src/position_control_node.cpp:104:55:[m[K [01;31m[Kerror: [m[Kâ€˜[01m[Kpresent_position[m[Kâ€™ was not declared in this scope; did you mean â€˜[01m[Kget_present_position[m[Kâ€™?
[10.885s]   104 |                         reinterpret_cast<uint32_t *>(&[01;31m[Kpresent_position[m[K),
[10.885s]       |                                                       [01;31m[K^~~~~~~~~~~~~~~~[m[K
[10.885s]       |                                                       [32m[Kget_present_position[m[K
[10.886s] [01m[K/home/lemmy/robotis_ws/src/DynamixelSDK/dynamixel_sdk_examples/src/position_control_node.cpp:109:42:[m[K [01;31m[Kerror: [m[Kbase operand of â€˜[01m[K->[m[Kâ€™ is not a pointer
[10.886s]   109 |                         (uint8_t) request[01;31m[K->[m[Kids[1],
[10.886s]       |                                          [01;31m[K^~[m[K
[10.886s] In file included from [01m[K/opt/ros/humble/include/rclcpp/rclcpp/client.hpp:40[m[K,
[10.887s]                  from [01m[K/opt/ros/humble/include/rclcpp/rclcpp/callback_group.hpp:24[m[K,
[10.887s]                  from [01m[K/opt/ros/humble/include/rclcpp/rclcpp/any_executable.hpp:20[m[K,
[10.887s]                  from [01m[K/opt/ros/humble/include/rclcpp/rclcpp/memory_strategy.hpp:25[m[K,
[10.887s]                  from [01m[K/opt/ros/humble/include/rclcpp/rclcpp/memory_strategies.hpp:18[m[K,
[10.888s]                  from [01m[K/opt/ros/humble/include/rclcpp/rclcpp/executor_options.hpp:20[m[K,
[10.888s]                  from [01m[K/opt/ros/humble/include/rclcpp/rclcpp/executor.hpp:37[m[K,
[10.888s]                  from [01m[K/opt/ros/humble/include/rclcpp/rclcpp/executors/multi_threaded_executor.hpp:25[m[K,
[10.888s]                  from [01m[K/opt/ros/humble/include/rclcpp/rclcpp/executors.hpp:21[m[K,
[10.889s]                  from [01m[K/opt/ros/humble/include/rclcpp/rclcpp/rclcpp.hpp:155[m[K,
[10.889s]                  from [01m[K/home/lemmy/robotis_ws/src/DynamixelSDK/dynamixel_sdk_examples/src/position_control_node.cpp:9[m[K:
[10.889s] [01m[K/home/lemmy/robotis_ws/src/DynamixelSDK/dynamixel_sdk_examples/src/position_control_node.cpp:116:25:[m[K [01;31m[Kerror: [m[Kinvalid use of â€˜[01m[Kthis[m[Kâ€™ at top level
[10.889s]   116 |                         [01;31m[Kthis[m[K->get_logger(),
[10.890s]       |                         [01;31m[K^~~~[m[K
[10.891s] [01m[K/home/lemmy/robotis_ws/src/DynamixelSDK/dynamixel_sdk_examples/src/position_control_node.cpp:116:25:[m[K [01;31m[Kerror: [m[Kinvalid use of â€˜[01m[Kthis[m[Kâ€™ at top level
[10.891s] [01m[K/home/lemmy/robotis_ws/src/DynamixelSDK/dynamixel_sdk_examples/src/position_control_node.cpp:115:17:[m[K [01;31m[Kerror: [m[Ktemplate argument 1 is invalid
[10.892s]   115 |                 [01;31m[KRCLCPP_INFO[m[K(
[10.893s]       |                 [01;31m[K^~~~~~~~~~~[m[K
[10.894s] [01m[K/home/lemmy/robotis_ws/src/DynamixelSDK/dynamixel_sdk_examples/src/position_control_node.cpp:115:17:[m[K [01;31m[Kerror: [m[Kâ€˜[01m[K<declaration error>[m[Kâ€™ is not a template [[01;31m[K]8;;https://gcc.gnu.org/onlinedocs/gcc/Warning-Options.html#index-fpermissive-fpermissive]8;;[m[K]
[10.895s]   115 |                 [01;31m[KRCLCPP_INFO[m[K(
[10.895s]       |                 [01;31m[K^~~~~~~~~~~[m[K
[10.896s] [01m[K/home/lemmy/robotis_ws/src/DynamixelSDK/dynamixel_sdk_examples/src/position_control_node.cpp:115:17:[m[K [01;31m[Kerror: [m[Ktemplate argument 1 is invalid
[10.896s]   115 |                 [01;31m[KRCLCPP_INFO[m[K(
[10.897s]       |                 [01;31m[K^~~~~~~~~~~[m[K
[10.897s] [01m[K/home/lemmy/robotis_ws/src/DynamixelSDK/dynamixel_sdk_examples/src/position_control_node.cpp:115:17:[m[K [01;31m[Kerror: [m[Kâ€˜[01m[K<declaration error>[m[Kâ€™ is not a template [[01;31m[K]8;;https://gcc.gnu.org/onlinedocs/gcc/Warning-Options.html#index-fpermissive-fpermissive]8;;[m[K]
[10.898s]   115 |                 [01;31m[KRCLCPP_INFO[m[K(
[10.898s]       |                 [01;31m[K^~~~~~~~~~~[m[K
[10.898s] [01m[K/home/lemmy/robotis_ws/src/DynamixelSDK/dynamixel_sdk_examples/src/position_control_node.cpp:115:17:[m[K [01;31m[Kerror: [m[Ktemplate argument 1 is invalid
[10.899s]   115 |                 [01;31m[KRCLCPP_INFO[m[K(
[10.899s]       |                 [01;31m[K^~~~~~~~~~~[m[K
[10.899s] In file included from [01m[K/opt/ros/humble/include/rclcpp/rclcpp/logging.hpp:24[m[K,
[10.900s]                  from [01m[K/opt/ros/humble/include/rclcpp/rclcpp/client.hpp:40[m[K,
[10.900s]                  from [01m[K/opt/ros/humble/include/rclcpp/rclcpp/callback_group.hpp:24[m[K,
[10.900s]                  from [01m[K/opt/ros/humble/include/rclcpp/rclcpp/any_executable.hpp:20[m[K,
[10.901s]                  from [01m[K/opt/ros/humble/include/rclcpp/rclcpp/memory_strategy.hpp:25[m[K,
[10.901s]                  from [01m[K/opt/ros/humble/include/rclcpp/rclcpp/memory_strategies.hpp:18[m[K,
[10.902s]                  from [01m[K/opt/ros/humble/include/rclcpp/rclcpp/executor_options.hpp:20[m[K,
[10.902s]                  from [01m[K/opt/ros/humble/include/rclcpp/rclcpp/executor.hpp:37[m[K,
[10.902s]                  from [01m[K/opt/ros/humble/include/rclcpp/rclcpp/executors/multi_threaded_executor.hpp:25[m[K,
[10.903s]                  from [01m[K/opt/ros/humble/include/rclcpp/rclcpp/executors.hpp:21[m[K,
[10.903s]                  from [01m[K/opt/ros/humble/include/rclcpp/rclcpp/rclcpp.hpp:155[m[K,
[10.904s]                  from [01m[K/home/lemmy/robotis_ws/src/DynamixelSDK/dynamixel_sdk_examples/src/position_control_node.cpp:9[m[K:
[10.904s] [01m[K/home/lemmy/robotis_ws/src/DynamixelSDK/dynamixel_sdk_examples/src/position_control_node.cpp:116:25:[m[K [01;31m[Kerror: [m[Kâ€˜[01m[Kthis[m[Kâ€™ was not captured for this lambda function
[10.904s]   116 |                         [01;31m[Kthis[m[K->get_logger(),
[10.905s]       |                         [01;31m[K^~~~[m[K
[10.905s] [01m[K/home/lemmy/robotis_ws/src/DynamixelSDK/dynamixel_sdk_examples/src/position_control_node.cpp:116:25:[m[K [01;31m[Kerror: [m[Kâ€˜[01m[Kthis[m[Kâ€™ was not captured for this lambda function
[10.905s]   116 |                         [01;31m[Kthis[m[K->get_logger(),
[10.906s]       |                         [01;31m[K^~~~[m[K
[10.906s] [01m[K/home/lemmy/robotis_ws/src/DynamixelSDK/dynamixel_sdk_examples/src/position_control_node.cpp:118:32:[m[K [01;31m[Kerror: [m[Kbase operand of â€˜[01m[K->[m[Kâ€™ is not a pointer
[10.906s]   118 |                         request[01;31m[K->[m[Kids[0],
[10.907s]       |                                [01;31m[K^~[m[K
[10.907s] In file included from [01m[K/opt/ros/humble/include/rclcpp/rclcpp/client.hpp:40[m[K,
[10.908s]                  from [01m[K/opt/ros/humble/include/rclcpp/rclcpp/callback_group.hpp:24[m[K,
[10.908s]                  from [01m[K/opt/ros/humble/include/rclcpp/rclcpp/any_executable.hpp:20[m[K,
[10.908s]                  from [01m[K/opt/ros/humble/include/rclcpp/rclcpp/memory_strategy.hpp:25[m[K,
[10.909s]                  from [01m[K/opt/ros/humble/include/rclcpp/rclcpp/memory_strategies.hpp:18[m[K,
[10.909s]                  from [01m[K/opt/ros/humble/include/rclcpp/rclcpp/executor_options.hpp:20[m[K,
[10.910s]                  from [01m[K/opt/ros/humble/include/rclcpp/rclcpp/executor.hpp:37[m[K,
[10.910s]                  from [01m[K/opt/ros/humble/include/rclcpp/rclcpp/executors/multi_threaded_executor.hpp:25[m[K,
[10.910s]                  from [01m[K/opt/ros/humble/include/rclcpp/rclcpp/executors.hpp:21[m[K,
[10.911s]                  from [01m[K/opt/ros/humble/include/rclcpp/rclcpp/rclcpp.hpp:155[m[K,
[10.911s]                  from [01m[K/home/lemmy/robotis_ws/src/DynamixelSDK/dynamixel_sdk_examples/src/position_control_node.cpp:9[m[K:
[10.911s] [01m[K/home/lemmy/robotis_ws/src/DynamixelSDK/dynamixel_sdk_examples/src/position_control_node.cpp:122:25:[m[K [01;31m[Kerror: [m[Kinvalid use of â€˜[01m[Kthis[m[Kâ€™ at top level
[10.912s]   122 |                         [01;31m[Kthis[m[K->get_logger(),
[10.912s]       |                         [01;31m[K^~~~[m[K
[10.912s] [01m[K/home/lemmy/robotis_ws/src/DynamixelSDK/dynamixel_sdk_examples/src/position_control_node.cpp:122:25:[m[K [01;31m[Kerror: [m[Kinvalid use of â€˜[01m[Kthis[m[Kâ€™ at top level
[10.913s] [01m[K/home/lemmy/robotis_ws/src/DynamixelSDK/dynamixel_sdk_examples/src/position_control_node.cpp:121:17:[m[K [01;31m[Kerror: [m[Ktemplate argument 1 is invalid
[10.913s]   121 |                 [01;31m[KRCLCPP_INFO[m[K(
[10.914s]       |                 [01;31m[K^~~~~~~~~~~[m[K
[10.914s] [01m[K/home/lemmy/robotis_ws/src/DynamixelSDK/dynamixel_sdk_examples/src/position_control_node.cpp:121:17:[m[K [01;31m[Kerror: [m[Kâ€˜[01m[K<declaration error>[m[Kâ€™ is not a template [[01;31m[K]8;;https://gcc.gnu.org/onlinedocs/gcc/Warning-Options.html#index-fpermissive-fpermissive]8;;[m[K]
[10.914s]   121 |                 [01;31m[KRCLCPP_INFO[m[K(
[10.915s]       |                 [01;31m[K^~~~~~~~~~~[m[K
[10.915s] [01m[K/home/lemmy/robotis_ws/src/DynamixelSDK/dynamixel_sdk_examples/src/position_control_node.cpp:121:17:[m[K [01;31m[Kerror: [m[Ktemplate argument 1 is invalid
[10.915s]   121 |                 [01;31m[KRCLCPP_INFO[m[K(
[10.915s]       |                 [01;31m[K^~~~~~~~~~~[m[K
[10.916s] [01m[K/home/lemmy/robotis_ws/src/DynamixelSDK/dynamixel_sdk_examples/src/position_control_node.cpp:121:17:[m[K [01;31m[Kerror: [m[Kâ€˜[01m[K<declaration error>[m[Kâ€™ is not a template [[01;31m[K]8;;https://gcc.gnu.org/onlinedocs/gcc/Warning-Options.html#index-fpermissive-fpermissive]8;;[m[K]
[10.916s]   121 |                 [01;31m[KRCLCPP_INFO[m[K(
[10.916s]       |                 [01;31m[K^~~~~~~~~~~[m[K
[10.917s] [01m[K/home/lemmy/robotis_ws/src/DynamixelSDK/dynamixel_sdk_examples/src/position_control_node.cpp:121:17:[m[K [01;31m[Kerror: [m[Ktemplate argument 1 is invalid
[10.917s]   121 |                 [01;31m[KRCLCPP_INFO[m[K(
[10.917s]       |                 [01;31m[K^~~~~~~~~~~[m[K
[10.918s] In file included from [01m[K/opt/ros/humble/include/rclcpp/rclcpp/logging.hpp:24[m[K,
[10.918s]                  from [01m[K/opt/ros/humble/include/rclcpp/rclcpp/client.hpp:40[m[K,
[10.919s]                  from [01m[K/opt/ros/humble/include/rclcpp/rclcpp/callback_group.hpp:24[m[K,
[10.919s]                  from [01m[K/opt/ros/humble/include/rclcpp/rclcpp/any_executable.hpp:20[m[K,
[10.919s]                  from [01m[K/opt/ros/humble/include/rclcpp/rclcpp/memory_strategy.hpp:25[m[K,
[10.920s]                  from [01m[K/opt/ros/humble/include/rclcpp/rclcpp/memory_strategies.hpp:18[m[K,
[10.920s]                  from [01m[K/opt/ros/humble/include/rclcpp/rclcpp/executor_options.hpp:20[m[K,
[10.920s]                  from [01m[K/opt/ros/humble/include/rclcpp/rclcpp/executor.hpp:37[m[K,
[10.921s]                  from [01m[K/opt/ros/humble/include/rclcpp/rclcpp/executors/multi_threaded_executor.hpp:25[m[K,
[10.921s]                  from [01m[K/opt/ros/humble/include/rclcpp/rclcpp/executors.hpp:21[m[K,
[10.921s]                  from [01m[K/opt/ros/humble/include/rclcpp/rclcpp/rclcpp.hpp:155[m[K,
[10.922s]                  from [01m[K/home/lemmy/robotis_ws/src/DynamixelSDK/dynamixel_sdk_examples/src/position_control_node.cpp:9[m[K:
[10.922s] [01m[K/home/lemmy/robotis_ws/src/DynamixelSDK/dynamixel_sdk_examples/src/position_control_node.cpp:122:25:[m[K [01;31m[Kerror: [m[Kâ€˜[01m[Kthis[m[Kâ€™ was not captured for this lambda function
[10.923s]   122 |                         [01;31m[Kthis[m[K->get_logger(),
[10.923s]       |                         [01;31m[K^~~~[m[K
[10.923s] [01m[K/home/lemmy/robotis_ws/src/DynamixelSDK/dynamixel_sdk_examples/src/position_control_node.cpp:122:25:[m[K [01;31m[Kerror: [m[Kâ€˜[01m[Kthis[m[Kâ€™ was not captured for this lambda function
[10.924s]   122 |                         [01;31m[Kthis[m[K->get_logger(),
[10.924s]       |                         [01;31m[K^~~~[m[K
[10.924s] [01m[K/home/lemmy/robotis_ws/src/DynamixelSDK/dynamixel_sdk_examples/src/position_control_node.cpp:124:32:[m[K [01;31m[Kerror: [m[Kbase operand of â€˜[01m[K->[m[Kâ€™ is not a pointer
[10.925s]   124 |                         request[01;31m[K->[m[Kids[1],
[10.925s]       |                                [01;31m[K^~[m[K
[10.925s] [01m[K/home/lemmy/robotis_ws/src/DynamixelSDK/dynamixel_sdk_examples/src/position_control_node.cpp:128:25:[m[K [01;31m[Kerror: [m[Kbase operand of â€˜[01m[K->[m[Kâ€™ is not a pointer
[10.926s]   128 |                 response[01;31m[K->[m[Kpositions.push_back(present_position);
[10.926s]       |                         [01;31m[K^~[m[K
[10.926s] [01m[K/home/lemmy/robotis_ws/src/DynamixelSDK/dynamixel_sdk_examples/src/position_control_node.cpp:[m[K At global scope:
[10.927s] [01m[K/home/lemmy/robotis_ws/src/DynamixelSDK/dynamixel_sdk_examples/src/position_control_node.cpp:131:5:[m[K [01;31m[Kerror: [m[Kâ€˜[01m[Kget_position_server_[m[Kâ€™ does not name a type
[10.927s]   131 |     [01;31m[Kget_position_server_[m[K = create_service<GetPosition>("get_position", get_present_position);
[10.927s]       |     [01;31m[K^~~~~~~~~~~~~~~~~~~~[m[K
[10.928s] [01m[K/home/lemmy/robotis_ws/src/DynamixelSDK/dynamixel_sdk_examples/src/position_control_node.cpp:132:1:[m[K [01;31m[Kerror: [m[Kexpected declaration before â€˜[01m[K}[m[Kâ€™ token
[10.928s]   132 | [01;31m[K}[m[K
[10.928s]       | [01;31m[K^[m[K
[12.561s] gmake[2]: *** [CMakeFiles/position_control_node.dir/build.make:76: CMakeFiles/position_control_node.dir/src/position_control_node.cpp.o] Error 1
[12.562s] gmake[1]: *** [CMakeFiles/Makefile2:165: CMakeFiles/position_control_node.dir/all] Error 2
[12.563s] gmake: *** [Makefile:146: all] Error 2
[12.569s] Invoked command in '/home/lemmy/robotis_ws/build/dynamixel_sdk_examples' returned '2': CMAKE_PREFIX_PATH=/home/lemmy/robotis_ws/install/dynamixel_sdk_custom_interfaces:/home/lemmy/robotis_ws/install/dynamixel_sdk:/home/lemmy/robotis_ws/install/joystick_listener:/home/lemmy/robotis_ws/install/dynamixel_sdk_examples:/home/lemmy/ros2_ws/install/pantilt_bot_description:/home/lemmy/ros2_ws/install/open_manipulator_x_description:/home/lemmy/ros2_ws/install/dynamixel_hardware:/home/lemmy/robotis_ws/install/wheels_control:/home/lemmy/ros2_ws/install/my_robot_controller:/opt/ros/humble LD_LIBRARY_PATH=/home/lemmy/robotis_ws/install/dynamixel_sdk_custom_interfaces/lib:/home/lemmy/robotis_ws/install/dynamixel_sdk/lib:/home/lemmy/robotis_ws/install/joystick_listener/lib:/home/lemmy/ros2_ws/install/dynamixel_hardware/lib:/opt/ros/humble/opt/rviz_ogre_vendor/lib:/opt/ros/humble/lib/aarch64-linux-gnu:/opt/ros/humble/lib PYTHONPATH=/home/lemmy/robotis_ws/install/dynamixel_sdk_custom_interfaces/lib/python3.10/site-packages:/home/lemmy/robotis_ws/install/wheels_control/lib/python3.10/site-packages:/home/lemmy/robotis_ws/install/joystick_listener/lib/python3.10/site-packages:/home/lemmy/ros2_ws/install/my_robot_controller/lib/python3.10/site-packages:/opt/ros/humble/lib/python3.10/site-packages:/opt/ros/humble/local/lib/python3.10/dist-packages /usr/bin/cmake --build /home/lemmy/robotis_ws/build/dynamixel_sdk_examples -- -j4 -l4
