[35m[1mConsolidate compiler generated dependencies of target position_control_node[0m
[ 50%] Built target velocity_control_node
[ 75%] [32mBuilding CXX object CMakeFiles/position_control_node.dir/src/position_control_node.cpp.o[0m
[01m[K/home/lemmy/robotis_ws/src/DynamixelSDK/dynamixel_sdk_examples/src/position_control_node.cpp:[m[K In constructor â€˜[01m[KPositionControlNode::PositionControlNode()[m[Kâ€™:
[01m[K/home/lemmy/robotis_ws/src/DynamixelSDK/dynamixel_sdk_examples/src/position_control_node.cpp:96:13:[m[K [01;31m[Kerror: [m[Kexpected primary-expression before â€˜[01m[K)[m[Kâ€™ token
   96 |             [01;31m[K)[m[K
      |             [01;31m[K^[m[K
[01m[K/home/lemmy/robotis_ws/src/DynamixelSDK/dynamixel_sdk_examples/src/position_control_node.cpp:136:72:[m[K [01;31m[Kerror: [m[Kâ€˜[01m[Kget_present_position[m[Kâ€™ was not declared in this scope; did you mean â€˜[01m[Kpresent_position[m[Kâ€™?
  136 |     get_position_server_ = create_service<GetPosition>("get_position", [01;31m[Kget_present_position[m[K);
      |                                                                        [01;31m[K^~~~~~~~~~~~~~~~~~~~[m[K
      |                                                                        [32m[Kpresent_position[m[K
gmake[2]: *** [CMakeFiles/position_control_node.dir/build.make:76: CMakeFiles/position_control_node.dir/src/position_control_node.cpp.o] Error 1
gmake[1]: *** [CMakeFiles/Makefile2:165: CMakeFiles/position_control_node.dir/all] Error 2
gmake: *** [Makefile:146: all] Error 2
