[ 50%] Built target velocity_control_node
[ 75%] [32mBuilding CXX object CMakeFiles/position_control_node.dir/src/position_control_node.cpp.o[0m
[01m[K/home/lemmy/robotis_ws/src/DynamixelSDK/dynamixel_sdk_examples/src/position_control_node.cpp:[m[K In constructor â€˜[01m[KPositionControlNode::PositionControlNode()[m[Kâ€™:
[01m[K/home/lemmy/robotis_ws/src/DynamixelSDK/dynamixel_sdk_examples/src/position_control_node.cpp:56:5:[m[K [01;31m[Kerror: [m[Kâ€˜[01m[Kstatus_update_timer_[m[Kâ€™ was not declared in this scope
   56 |     [01;31m[Kstatus_update_timer_[m[K = this->create_wall_timer(
      |     [01;31m[K^~~~~~~~~~~~~~~~~~~~[m[K
[01m[K/home/lemmy/robotis_ws/src/DynamixelSDK/dynamixel_sdk_examples/src/position_control_node.cpp:58:45:[m[K [01;31m[Kerror: [m[Kâ€˜[01m[KperiodicStatusUpdate[m[Kâ€™ is not a member of â€˜[01m[KPositionControlNode[m[Kâ€™
   58 |             std::bind(&PositionControlNode::[01;31m[KperiodicStatusUpdate[m[K, this));
      |                                             [01;31m[K^~~~~~~~~~~~~~~~~~~~[m[K
[01m[K/home/lemmy/robotis_ws/src/DynamixelSDK/dynamixel_sdk_examples/src/position_control_node.cpp:[m[K At global scope:
[01m[K/home/lemmy/robotis_ws/src/DynamixelSDK/dynamixel_sdk_examples/src/position_control_node.cpp:159:6:[m[K [01;31m[Kerror: [m[Kno declaration matches â€˜[01m[Kvoid PositionControlNode::periodicStatusUpdate()[m[Kâ€™
  159 | void [01;31m[KPositionControlNode[m[K::periodicStatusUpdate() {
      |      [01;31m[K^~~~~~~~~~~~~~~~~~~[m[K
[01m[K/home/lemmy/robotis_ws/src/DynamixelSDK/dynamixel_sdk_examples/src/position_control_node.cpp:159:6:[m[K [01;36m[Knote: [m[Kno functions named â€˜[01m[Kvoid PositionControlNode::periodicStatusUpdate()[m[Kâ€™
In file included from [01m[K/home/lemmy/robotis_ws/src/DynamixelSDK/dynamixel_sdk_examples/src/position_control_node.cpp:14[m[K:
[01m[K/home/lemmy/robotis_ws/src/DynamixelSDK/dynamixel_sdk_examples/include/position_control_node.hpp:32:7:[m[K [01;36m[Knote: [m[Kâ€˜[01m[Kclass PositionControlNode[m[Kâ€™ defined here
   32 | class [01;36m[KPositionControlNode[m[K : public rclcpp::Node
      |       [01;36m[K^~~~~~~~~~~~~~~~~~~[m[K
gmake[2]: *** [CMakeFiles/position_control_node.dir/build.make:76: CMakeFiles/position_control_node.dir/src/position_control_node.cpp.o] Error 1
gmake[1]: *** [CMakeFiles/Makefile2:165: CMakeFiles/position_control_node.dir/all] Error 2
gmake: *** [Makefile:146: all] Error 2
