-- Found ament_cmake: 1.3.8 (/opt/ros/humble/share/ament_cmake/cmake)
-- Found dynamixel_sdk: 3.7.60 (/home/lemmy/robotis_ws/install/dynamixel_sdk/share/dynamixel_sdk/cmake)
-- Found dynamixel_sdk_custom_interfaces: 3.7.60 (/home/lemmy/robotis_ws/install/dynamixel_sdk_custom_interfaces/share/dynamixel_sdk_custom_interfaces/cmake)
-- Found rosidl_generator_c: 3.1.5 (/opt/ros/humble/share/rosidl_generator_c/cmake)
-- Found rosidl_adapter: 3.1.5 (/opt/ros/humble/share/rosidl_adapter/cmake)
-- Found rosidl_generator_cpp: 3.1.5 (/opt/ros/humble/share/rosidl_generator_cpp/cmake)
-- Using all available rosidl_typesupport_c: rosidl_typesupport_fastrtps_c;rosidl_typesupport_introspection_c
-- Using all available rosidl_typesupport_cpp: rosidl_typesupport_fastrtps_cpp;rosidl_typesupport_introspection_cpp
-- Found rclcpp: 16.0.8 (/opt/ros/humble/share/rclcpp/cmake)
-- Found rmw_implementation_cmake: 6.1.1 (/opt/ros/humble/share/rmw_implementation_cmake/cmake)
-- Found rmw_fastrtps_cpp: 6.2.6 (/opt/ros/humble/share/rmw_fastrtps_cpp/cmake)
-- Using RMW implementation 'rmw_fastrtps_cpp' as default
-- Found ament_lint_auto: 0.12.10 (/opt/ros/humble/share/ament_lint_auto/cmake)
-- Added test 'copyright' to check source files copyright and LICENSE
-- Added test 'cppcheck' to perform static code analysis on C / C++ code
-- Configured cppcheck include dirs: /home/lemmy/robotis_ws/src/DynamixelSDK/dynamixel_sdk_examples/include
-- Configured cppcheck exclude dirs and/or files: 
-- Added test 'cpplint' to check C / C++ code against the Google style
-- Configured cpplint exclude dirs and/or files: 
-- Added test 'lint_cmake' to check CMake code style
-- Added test 'uncrustify' to check C / C++ code style
-- Configured uncrustify additional arguments: 
-- Added test 'xmllint' to check XML markup files
-- Configuring done
-- Generating done
-- Build files have been written to: /home/lemmy/robotis_ws/build/dynamixel_sdk_examples
[35m[1mConsolidate compiler generated dependencies of target velocity_control_node[0m
[35m[1mConsolidate compiler generated dependencies of target position_control_node[0m
[ 25%] [32mBuilding CXX object CMakeFiles/velocity_control_node.dir/src/velocity_control_node.cpp.o[0m
[ 50%] [32mBuilding CXX object CMakeFiles/position_control_node.dir/src/position_control_node.cpp.o[0m
[01m[K/home/lemmy/robotis_ws/src/DynamixelSDK/dynamixel_sdk_examples/src/position_control_node.cpp:[m[K In constructor â€˜[01m[KPositionControlNode::PositionControlNode()[m[Kâ€™:
[01m[K/home/lemmy/robotis_ws/src/DynamixelSDK/dynamixel_sdk_examples/src/position_control_node.cpp:50:5:[m[K [01;31m[Kerror: [m[Kâ€˜[01m[Kmoving_status_publisher_[m[Kâ€™ was not declared in this scope
   50 |     [01;31m[Kmoving_status_publisher_[m[K = this->create_publisher<dynamixel_sdk_custom_interfaces::msg::Status>("moving_status", qos);
      |     [01;31m[K^~~~~~~~~~~~~~~~~~~~~~~~[m[K
[01m[K/home/lemmy/robotis_ws/src/DynamixelSDK/dynamixel_sdk_examples/src/position_control_node.cpp:50:118:[m[K [01;31m[Kerror: [m[Kâ€˜[01m[Kqos[m[Kâ€™ was not declared in this scope; did you mean â€˜[01m[Kcos[m[Kâ€™?
   50 |     moving_status_publisher_ = this->create_publisher<dynamixel_sdk_custom_interfaces::msg::Status>("moving_status", [01;31m[Kqos[m[K);
      |                                                                                                                      [01;31m[K^~~[m[K
      |                                                                                                                      [32m[Kcos[m[K
[01m[K/home/lemmy/robotis_ws/src/DynamixelSDK/dynamixel_sdk_examples/src/position_control_node.cpp:51:5:[m[K [01;31m[Kerror: [m[Kâ€˜[01m[Kload_publisher_[m[Kâ€™ was not declared in this scope; did you mean â€˜[01m[Kcount_publishers[m[Kâ€™?
   51 |     [01;31m[Kload_publisher_[m[K = this->create_publisher<dynamixel_sdk_custom_interfaces::msg::Status>("present_load", qos);
      |     [01;31m[K^~~~~~~~~~~~~~~[m[K
      |     [32m[Kcount_publishers[m[K
[01m[K/home/lemmy/robotis_ws/src/DynamixelSDK/dynamixel_sdk_examples/src/position_control_node.cpp:[m[K In lambda function:
[01m[K/home/lemmy/robotis_ws/src/DynamixelSDK/dynamixel_sdk_examples/src/position_control_node.cpp:56:17:[m[K [01;31m[Kerror: [m[Kâ€˜[01m[Kupdate_motor_status[m[Kâ€™ was not declared in this scope
   56 |                 [01;31m[Kupdate_motor_status[m[K(msg->ids[0], msg->positions[0]);
      |                 [01;31m[K^~~~~~~~~~~~~~~~~~~[m[K
[01m[K/home/lemmy/robotis_ws/src/DynamixelSDK/dynamixel_sdk_examples/src/position_control_node.cpp:[m[K In constructor â€˜[01m[KPositionControlNode::PositionControlNode()[m[Kâ€™:
[01m[K/home/lemmy/robotis_ws/src/DynamixelSDK/dynamixel_sdk_examples/src/position_control_node.cpp:60:61:[m[K [01;31m[Kerror: [m[Ka function-definition is not allowed here before â€˜[01m[K{[m[Kâ€™ token
   60 |     void update_motor_status(uint8_t id, uint32_t position) [01;31m[K{[m[K
      |                                                             [01;31m[K^[m[K
gmake[2]: *** [CMakeFiles/position_control_node.dir/build.make:76: CMakeFiles/position_control_node.dir/src/position_control_node.cpp.o] Error 1
gmake[1]: *** [CMakeFiles/Makefile2:165: CMakeFiles/position_control_node.dir/all] Error 2
gmake[1]: *** Waiting for unfinished jobs....
[ 75%] [32m[1mLinking CXX executable velocity_control_node[0m
[ 75%] Built target velocity_control_node
gmake: *** [Makefile:146: all] Error 2
