[ 50%] Built target velocity_control_node
[35m[1mConsolidate compiler generated dependencies of target position_control_node[0m
[ 75%] [32mBuilding CXX object CMakeFiles/position_control_node.dir/src/position_control_node.cpp.o[0m
[01m[K/home/lemmy/robotis_ws/src/DynamixelSDK/dynamixel_sdk_examples/src/position_control_node.cpp:[m[K In member function â€˜[01m[Kvoid PositionControlNode::handle_position(dynamixel_sdk_custom_interfaces::msg::SetPosition_<std::allocator<void> >::SharedPtr)[m[Kâ€™:
[01m[K/home/lemmy/robotis_ws/src/DynamixelSDK/dynamixel_sdk_examples/src/position_control_node.cpp:151:9:[m[K [01;31m[Kerror: [m[Kâ€˜[01m[Kmoving_statuses[m[Kâ€™ was not declared in this scope; did you mean â€˜[01m[Kmoving_status[m[Kâ€™?
  151 |         [01;31m[Kmoving_statuses[m[K.push_back(moving_status);
      |         [01;31m[K^~~~~~~~~~~~~~~[m[K
      |         [32m[Kmoving_status[m[K
[01m[K/home/lemmy/robotis_ws/src/DynamixelSDK/dynamixel_sdk_examples/src/position_control_node.cpp:154:9:[m[K [01;31m[Kerror: [m[Kâ€˜[01m[Kloads[m[Kâ€™ was not declared in this scope
  154 |         [01;31m[Kloads[m[K.push_back(present_load);
      |         [01;31m[K^~~~~[m[K
[01m[K/home/lemmy/robotis_ws/src/DynamixelSDK/dynamixel_sdk_examples/src/position_control_node.cpp:157:25:[m[K [01;31m[Kerror: [m[Kâ€˜[01m[Kconverted_ids[m[Kâ€™ was not declared in this scope
  157 |     publishMovingStatus([01;31m[Kconverted_ids[m[K, moving_statuses);
      |                         [01;31m[K^~~~~~~~~~~~~[m[K
[01m[K/home/lemmy/robotis_ws/src/DynamixelSDK/dynamixel_sdk_examples/src/position_control_node.cpp:157:40:[m[K [01;31m[Kerror: [m[Kâ€˜[01m[Kmoving_statuses[m[Kâ€™ was not declared in this scope; did you mean â€˜[01m[Kmoving_status[m[Kâ€™?
  157 |     publishMovingStatus(converted_ids, [01;31m[Kmoving_statuses[m[K);
      |                                        [01;31m[K^~~~~~~~~~~~~~~[m[K
      |                                        [32m[Kmoving_status[m[K
[01m[K/home/lemmy/robotis_ws/src/DynamixelSDK/dynamixel_sdk_examples/src/position_control_node.cpp:158:39:[m[K [01;31m[Kerror: [m[Kâ€˜[01m[Kloads[m[Kâ€™ was not declared in this scope
  158 |     publishPresentLoad(converted_ids, [01;31m[Kloads[m[K);
      |                                       [01;31m[K^~~~~[m[K
gmake[2]: *** [CMakeFiles/position_control_node.dir/build.make:76: CMakeFiles/position_control_node.dir/src/position_control_node.cpp.o] Error 1
gmake[1]: *** [CMakeFiles/Makefile2:165: CMakeFiles/position_control_node.dir/all] Error 2
gmake: *** [Makefile:146: all] Error 2
