[35m[1mConsolidate compiler generated dependencies of target position_control_node[0m
[ 50%] Built target velocity_control_node
[ 75%] [32mBuilding CXX object CMakeFiles/position_control_node.dir/src/position_control_node.cpp.o[0m
[01m[K/home/lemmy/robotis_ws/src/DynamixelSDK/dynamixel_sdk_examples/src/position_control_node.cpp:[m[K In constructor â€˜[01m[KPositionControlNode::PositionControlNode()[m[Kâ€™:
[01m[K/home/lemmy/robotis_ws/src/DynamixelSDK/dynamixel_sdk_examples/src/position_control_node.cpp:49:5:[m[K [01;31m[Kerror: [m[Kâ€˜[01m[Kmoving_status_publisher_[m[Kâ€™ was not declared in this scope
   49 |     [01;31m[Kmoving_status_publisher_[m[K = this->create_publisher<Status>("moving_status", qos);
      |     [01;31m[K^~~~~~~~~~~~~~~~~~~~~~~~[m[K
[01m[K/home/lemmy/robotis_ws/src/DynamixelSDK/dynamixel_sdk_examples/src/position_control_node.cpp:49:55:[m[K [01;31m[Kerror: [m[Kâ€˜[01m[KStatus[m[Kâ€™ was not declared in this scope
   49 |     moving_status_publisher_ = this->create_publisher<[01;31m[KStatus[m[K>("moving_status", qos);
      |                                                       [01;31m[K^~~~~~[m[K
[01m[K/home/lemmy/robotis_ws/src/DynamixelSDK/dynamixel_sdk_examples/src/position_control_node.cpp:49:80:[m[K [01;31m[Kerror: [m[Kâ€˜[01m[Kqos[m[Kâ€™ was not declared in this scope; did you mean â€˜[01m[Kcos[m[Kâ€™?
   49 |     moving_status_publisher_ = this->create_publisher<Status>("moving_status", [01;31m[Kqos[m[K);
      |                                                                                [01;31m[K^~~[m[K
      |                                                                                [32m[Kcos[m[K
[01m[K/home/lemmy/robotis_ws/src/DynamixelSDK/dynamixel_sdk_examples/src/position_control_node.cpp:50:5:[m[K [01;31m[Kerror: [m[Kâ€˜[01m[Kload_publisher_[m[Kâ€™ was not declared in this scope; did you mean â€˜[01m[Kcount_publishers[m[Kâ€™?
   50 |     [01;31m[Kload_publisher_[m[K = this->create_publisher<Status>("present_load", qos);
      |     [01;31m[K^~~~~~~~~~~~~~~[m[K
      |     [32m[Kcount_publishers[m[K
[01m[K/home/lemmy/robotis_ws/src/DynamixelSDK/dynamixel_sdk_examples/src/position_control_node.cpp:[m[K In lambda function:
[01m[K/home/lemmy/robotis_ws/src/DynamixelSDK/dynamixel_sdk_examples/src/position_control_node.cpp:55:17:[m[K [01;31m[Kerror: [m[Kâ€˜[01m[Kupdate_motor_status[m[Kâ€™ was not declared in this scope
   55 |                 [01;31m[Kupdate_motor_status[m[K(msg->ids[0], msg->positions[0]);
      |                 [01;31m[K^~~~~~~~~~~~~~~~~~~[m[K
[01m[K/home/lemmy/robotis_ws/src/DynamixelSDK/dynamixel_sdk_examples/src/position_control_node.cpp:[m[K In constructor â€˜[01m[KPositionControlNode::PositionControlNode()[m[Kâ€™:
[01m[K/home/lemmy/robotis_ws/src/DynamixelSDK/dynamixel_sdk_examples/src/position_control_node.cpp:59:61:[m[K [01;31m[Kerror: [m[Ka function-definition is not allowed here before â€˜[01m[K{[m[Kâ€™ token
   59 |     void update_motor_status(uint8_t id, uint32_t position) [01;31m[K{[m[K
      |                                                             [01;31m[K^[m[K
gmake[2]: *** [CMakeFiles/position_control_node.dir/build.make:76: CMakeFiles/position_control_node.dir/src/position_control_node.cpp.o] Error 1
gmake[1]: *** [CMakeFiles/Makefile2:165: CMakeFiles/position_control_node.dir/all] Error 2
gmake: *** [Makefile:146: all] Error 2
