-- Found ament_cmake: 1.3.8 (/opt/ros/humble/share/ament_cmake/cmake)
-- Found dynamixel_sdk: 3.7.60 (/home/lemmy/robotis_ws/install/dynamixel_sdk/share/dynamixel_sdk/cmake)
-- Found dynamixel_sdk_custom_interfaces: 3.7.60 (/home/lemmy/robotis_ws/install/dynamixel_sdk_custom_interfaces/share/dynamixel_sdk_custom_interfaces/cmake)
-- Found rosidl_generator_c: 3.1.5 (/opt/ros/humble/share/rosidl_generator_c/cmake)
-- Found rosidl_adapter: 3.1.5 (/opt/ros/humble/share/rosidl_adapter/cmake)
-- Found rosidl_generator_cpp: 3.1.5 (/opt/ros/humble/share/rosidl_generator_cpp/cmake)
-- Using all available rosidl_typesupport_c: rosidl_typesupport_fastrtps_c;rosidl_typesupport_introspection_c
-- Using all available rosidl_typesupport_cpp: rosidl_typesupport_fastrtps_cpp;rosidl_typesupport_introspection_cpp
-- Found rclcpp: 16.0.8 (/opt/ros/humble/share/rclcpp/cmake)
-- Found rmw_implementation_cmake: 6.1.1 (/opt/ros/humble/share/rmw_implementation_cmake/cmake)
-- Found rmw_fastrtps_cpp: 6.2.6 (/opt/ros/humble/share/rmw_fastrtps_cpp/cmake)
-- Using RMW implementation 'rmw_fastrtps_cpp' as default
-- Found ament_lint_auto: 0.12.10 (/opt/ros/humble/share/ament_lint_auto/cmake)
-- Added test 'copyright' to check source files copyright and LICENSE
-- Added test 'cppcheck' to perform static code analysis on C / C++ code
-- Configured cppcheck include dirs: /home/lemmy/robotis_ws/src/DynamixelSDK/dynamixel_sdk_examples/include
-- Configured cppcheck exclude dirs and/or files: 
-- Added test 'cpplint' to check C / C++ code against the Google style
-- Configured cpplint exclude dirs and/or files: 
-- Added test 'lint_cmake' to check CMake code style
-- Added test 'uncrustify' to check C / C++ code style
-- Configured uncrustify additional arguments: 
-- Added test 'xmllint' to check XML markup files
-- Configuring done
-- Generating done
-- Build files have been written to: /home/lemmy/robotis_ws/build/dynamixel_sdk_examples
[35m[1mConsolidate compiler generated dependencies of target velocity_control_node[0m
[35m[1mConsolidate compiler generated dependencies of target position_control_node[0m
[ 50%] [32mBuilding CXX object CMakeFiles/velocity_control_node.dir/src/velocity_control_node.cpp.o[0m
[ 50%] [32mBuilding CXX object CMakeFiles/position_control_node.dir/src/position_control_node.cpp.o[0m
In file included from [01m[K/home/lemmy/robotis_ws/src/DynamixelSDK/dynamixel_sdk_examples/src/position_control_node.cpp:11[m[K:
[01m[K/home/lemmy/robotis_ws/src/DynamixelSDK/dynamixel_sdk_examples/include/position_control_node.hpp:33:62:[m[K [01;31m[Kerror: [m[Kâ€˜[01m[KMovingStatus[m[Kâ€™ in namespace â€˜[01m[Kdynamixel_sdk_custom_interfaces::msg[m[Kâ€™ does not name a type
   33 |   using MovingStatus = dynamixel_sdk_custom_interfaces::msg::[01;31m[KMovingStatus[m[K;
      |                                                              [01;31m[K^~~~~~~~~~~~[m[K
[01m[K/home/lemmy/robotis_ws/src/DynamixelSDK/dynamixel_sdk_examples/include/position_control_node.hpp:34:61:[m[K [01;31m[Kerror: [m[Kâ€˜[01m[KPresentLoad[m[Kâ€™ in namespace â€˜[01m[Kdynamixel_sdk_custom_interfaces::msg[m[Kâ€™ does not name a type
   34 |   using PresentLoad = dynamixel_sdk_custom_interfaces::msg::[01;31m[KPresentLoad[m[K;
      |                                                             [01;31m[K^~~~~~~~~~~[m[K
[01m[K/home/lemmy/robotis_ws/src/DynamixelSDK/dynamixel_sdk_examples/include/position_control_node.hpp:46:59:[m[K [01;31m[Kerror: [m[Kâ€˜[01m[KStatus[m[Kâ€™ is not a member of â€˜[01m[Kdynamixel_sdk_custom_interfaces::msg[m[Kâ€™
   46 |   rclcpp::Publisher<dynamixel_sdk_custom_interfaces::msg::[01;31m[KStatus[m[K>::SharedPtr moving_status_publisher_;
      |                                                           [01;31m[K^~~~~~[m[K
[01m[K/home/lemmy/robotis_ws/src/DynamixelSDK/dynamixel_sdk_examples/include/position_control_node.hpp:46:65:[m[K [01;31m[Kerror: [m[Ktemplate argument 1 is invalid
   46 |   rclcpp::Publisher<dynamixel_sdk_custom_interfaces::msg::Status[01;31m[K>[m[K::SharedPtr moving_status_publisher_;
      |                                                                 [01;31m[K^[m[K
[01m[K/home/lemmy/robotis_ws/src/DynamixelSDK/dynamixel_sdk_examples/include/position_control_node.hpp:46:68:[m[K [01;31m[Kerror: [m[Kexpected â€˜[01m[K;[m[Kâ€™ at end of member declaration
   46 |   rclcpp::Publisher<dynamixel_sdk_custom_interfaces::msg::Status>::[01;31m[KSharedPtr[m[K moving_status_publisher_;
      |                                                                    [01;31m[K^~~~~~~~~[m[K
      |                                                                             [32m[K;[m[K
[01m[K/home/lemmy/robotis_ws/src/DynamixelSDK/dynamixel_sdk_examples/include/position_control_node.hpp:46:78:[m[K [01;31m[Kerror: [m[Kâ€˜[01m[Kmoving_status_publisher_[m[Kâ€™ does not name a type
   46 |   rclcpp::Publisher<dynamixel_sdk_custom_interfaces::msg::Status>::SharedPtr [01;31m[Kmoving_status_publisher_[m[K;
      |                                                                              [01;31m[K^~~~~~~~~~~~~~~~~~~~~~~~[m[K
[01m[K/home/lemmy/robotis_ws/src/DynamixelSDK/dynamixel_sdk_examples/include/position_control_node.hpp:47:59:[m[K [01;31m[Kerror: [m[Kâ€˜[01m[KStatus[m[Kâ€™ is not a member of â€˜[01m[Kdynamixel_sdk_custom_interfaces::msg[m[Kâ€™
   47 |   rclcpp::Publisher<dynamixel_sdk_custom_interfaces::msg::[01;31m[KStatus[m[K>::SharedPtr present_load_publisher_;
      |                                                           [01;31m[K^~~~~~[m[K
[01m[K/home/lemmy/robotis_ws/src/DynamixelSDK/dynamixel_sdk_examples/include/position_control_node.hpp:47:65:[m[K [01;31m[Kerror: [m[Ktemplate argument 1 is invalid
   47 |   rclcpp::Publisher<dynamixel_sdk_custom_interfaces::msg::Status[01;31m[K>[m[K::SharedPtr present_load_publisher_;
      |                                                                 [01;31m[K^[m[K
[01m[K/home/lemmy/robotis_ws/src/DynamixelSDK/dynamixel_sdk_examples/include/position_control_node.hpp:47:68:[m[K [01;31m[Kerror: [m[Kexpected â€˜[01m[K;[m[Kâ€™ at end of member declaration
   47 |   rclcpp::Publisher<dynamixel_sdk_custom_interfaces::msg::Status>::[01;31m[KSharedPtr[m[K present_load_publisher_;
      |                                                                    [01;31m[K^~~~~~~~~[m[K
      |                                                                             [32m[K;[m[K
[01m[K/home/lemmy/robotis_ws/src/DynamixelSDK/dynamixel_sdk_examples/include/position_control_node.hpp:47:68:[m[K [01;31m[Kerror: [m[Kredeclaration of â€˜[01m[Kint PositionControlNode::SharedPtr[m[Kâ€™
[01m[K/home/lemmy/robotis_ws/src/DynamixelSDK/dynamixel_sdk_examples/include/position_control_node.hpp:46:68:[m[K [01;36m[Knote: [m[Kprevious declaration â€˜[01m[Kint PositionControlNode::SharedPtr[m[Kâ€™
   46 |   rclcpp::Publisher<dynamixel_sdk_custom_interfaces::msg::Status>::[01;36m[KSharedPtr[m[K moving_status_publisher_;
      |                                                                    [01;36m[K^~~~~~~~~[m[K
[01m[K/home/lemmy/robotis_ws/src/DynamixelSDK/dynamixel_sdk_examples/include/position_control_node.hpp:47:78:[m[K [01;31m[Kerror: [m[Kâ€˜[01m[Kpresent_load_publisher_[m[Kâ€™ does not name a type
   47 |   rclcpp::Publisher<dynamixel_sdk_custom_interfaces::msg::Status>::SharedPtr [01;31m[Kpresent_load_publisher_[m[K;
      |                                                                              [01;31m[K^~~~~~~~~~~~~~~~~~~~~~~[m[K
[01m[K/home/lemmy/robotis_ws/src/DynamixelSDK/dynamixel_sdk_examples/src/position_control_node.cpp:[m[K In constructor â€˜[01m[KPositionControlNode::PositionControlNode()[m[Kâ€™:
[01m[K/home/lemmy/robotis_ws/src/DynamixelSDK/dynamixel_sdk_examples/src/position_control_node.cpp:48:5:[m[K [01;31m[Kerror: [m[Kâ€˜[01m[Kmoving_status_publisher_[m[Kâ€™ was not declared in this scope
   48 |     [01;31m[Kmoving_status_publisher_[m[K = this->create_publisher<MovingStatus>("moving_status", 10);
      |     [01;31m[K^~~~~~~~~~~~~~~~~~~~~~~~[m[K
[01m[K/home/lemmy/robotis_ws/src/DynamixelSDK/dynamixel_sdk_examples/src/position_control_node.cpp:48:55:[m[K [01;31m[Kerror: [m[Kâ€˜[01m[KMovingStatus[m[Kâ€™ was not declared in this scope
   48 |     moving_status_publisher_ = this->create_publisher<[01;31m[KMovingStatus[m[K>("moving_status", 10);
      |                                                       [01;31m[K^~~~~~~~~~~~[m[K
[01m[K/home/lemmy/robotis_ws/src/DynamixelSDK/dynamixel_sdk_examples/src/position_control_node.cpp:48:68:[m[K [01;31m[Kerror: [m[Kno matching function for call to â€˜[01m[KPositionControlNode::create_publisher<<expression error> >(const char [14], int)[m[Kâ€™
   48 |     moving_status_publisher_ = [01;31m[Kthis->create_publisher<MovingStatus>("moving_status", 10)[m[K;
      |                                [01;31m[K~~~~~~~~~~~~~~~~~~~~~~~~~~~~~~~~~~~~^~~~~~~~~~~~~~~~~~~~~[m[K
In file included from [01m[K/opt/ros/humble/include/rclcpp/rclcpp/executors/single_threaded_executor.hpp:28[m[K,
                 from [01m[K/opt/ros/humble/include/rclcpp/rclcpp/executors.hpp:22[m[K,
                 from [01m[K/opt/ros/humble/include/rclcpp/rclcpp/rclcpp.hpp:155[m[K,
                 from [01m[K/home/lemmy/robotis_ws/src/DynamixelSDK/dynamixel_sdk_examples/src/position_control_node.cpp:8[m[K:
[01m[K/opt/ros/humble/include/rclcpp/rclcpp/node.hpp:195:3:[m[K [01;36m[Knote: [m[Kcandidate: â€˜[01m[Ktemplate<class MessageT, class AllocatorT, class PublisherT> std::shared_ptr<PublisherT> rclcpp::Node::create_publisher(const string&, const rclcpp::QoS&, const rclcpp::PublisherOptionsWithAllocator<AllocatorT>&)[m[Kâ€™
  195 |   [01;36m[Kcreate_publisher[m[K(
      |   [01;36m[K^~~~~~~~~~~~~~~~[m[K
[01m[K/opt/ros/humble/include/rclcpp/rclcpp/node.hpp:195:3:[m[K [01;36m[Knote: [m[K  template argument deduction/substitution failed:
[01m[K/home/lemmy/robotis_ws/src/DynamixelSDK/dynamixel_sdk_examples/src/position_control_node.cpp:48:68:[m[K [01;31m[Kerror: [m[Ktemplate argument 1 is invalid
   48 |     moving_status_publisher_ = [01;31m[Kthis->create_publisher<MovingStatus>("moving_status", 10)[m[K;
      |                                [01;31m[K~~~~~~~~~~~~~~~~~~~~~~~~~~~~~~~~~~~~^~~~~~~~~~~~~~~~~~~~~[m[K
[01m[K/home/lemmy/robotis_ws/src/DynamixelSDK/dynamixel_sdk_examples/src/position_control_node.cpp:49:5:[m[K [01;31m[Kerror: [m[Kâ€˜[01m[Kpresent_load_publisher_[m[Kâ€™ was not declared in this scope
   49 |     [01;31m[Kpresent_load_publisher_[m[K = this->create_publisher<PresentLoad>("present_load", 10);
      |     [01;31m[K^~~~~~~~~~~~~~~~~~~~~~~[m[K
[01m[K/home/lemmy/robotis_ws/src/DynamixelSDK/dynamixel_sdk_examples/src/position_control_node.cpp:49:54:[m[K [01;31m[Kerror: [m[Kâ€˜[01m[KPresentLoad[m[Kâ€™ was not declared in this scope
   49 |     present_load_publisher_ = this->create_publisher<[01;31m[KPresentLoad[m[K>("present_load", 10);
      |                                                      [01;31m[K^~~~~~~~~~~[m[K
[01m[K/home/lemmy/robotis_ws/src/DynamixelSDK/dynamixel_sdk_examples/src/position_control_node.cpp:49:66:[m[K [01;31m[Kerror: [m[Kno matching function for call to â€˜[01m[KPositionControlNode::create_publisher<<expression error> >(const char [13], int)[m[Kâ€™
   49 |     present_load_publisher_ = [01;31m[Kthis->create_publisher<PresentLoad>("present_load", 10)[m[K;
      |                               [01;31m[K~~~~~~~~~~~~~~~~~~~~~~~~~~~~~~~~~~~^~~~~~~~~~~~~~~~~~~~[m[K
In file included from [01m[K/opt/ros/humble/include/rclcpp/rclcpp/executors/single_threaded_executor.hpp:28[m[K,
                 from [01m[K/opt/ros/humble/include/rclcpp/rclcpp/executors.hpp:22[m[K,
                 from [01m[K/opt/ros/humble/include/rclcpp/rclcpp/rclcpp.hpp:155[m[K,
                 from [01m[K/home/lemmy/robotis_ws/src/DynamixelSDK/dynamixel_sdk_examples/src/position_control_node.cpp:8[m[K:
[01m[K/opt/ros/humble/include/rclcpp/rclcpp/node.hpp:195:3:[m[K [01;36m[Knote: [m[Kcandidate: â€˜[01m[Ktemplate<class MessageT, class AllocatorT, class PublisherT> std::shared_ptr<PublisherT> rclcpp::Node::create_publisher(const string&, const rclcpp::QoS&, const rclcpp::PublisherOptionsWithAllocator<AllocatorT>&)[m[Kâ€™
  195 |   [01;36m[Kcreate_publisher[m[K(
      |   [01;36m[K^~~~~~~~~~~~~~~~[m[K
[01m[K/opt/ros/humble/include/rclcpp/rclcpp/node.hpp:195:3:[m[K [01;36m[Knote: [m[K  template argument deduction/substitution failed:
[01m[K/home/lemmy/robotis_ws/src/DynamixelSDK/dynamixel_sdk_examples/src/position_control_node.cpp:49:66:[m[K [01;31m[Kerror: [m[Ktemplate argument 1 is invalid
   49 |     present_load_publisher_ = [01;31m[Kthis->create_publisher<PresentLoad>("present_load", 10)[m[K;
      |                               [01;31m[K~~~~~~~~~~~~~~~~~~~~~~~~~~~~~~~~~~~^~~~~~~~~~~~~~~~~~~~[m[K
[01m[K/home/lemmy/robotis_ws/src/DynamixelSDK/dynamixel_sdk_examples/src/position_control_node.cpp:94:98:[m[K [01;31m[Kerror: [m[Ka function-definition is not allowed here before â€˜[01m[K{[m[Kâ€™ token
   94 |     void handle_position(const dynamixel_sdk_custom_interfaces::msg::SetPosition::SharedPtr msg) [01;31m[K{[m[K
      |                                                                                                  [01;31m[K^[m[K
[01m[K/home/lemmy/robotis_ws/src/DynamixelSDK/dynamixel_sdk_examples/src/position_control_node.cpp:112:108:[m[K [01;31m[Kerror: [m[Ka function-definition is not allowed here before â€˜[01m[K{[m[Kâ€™ token
  112 |     void publishMovingStatus(const std::vector<int32_t>& ids, const std::vector<uint8_t>& moving_statuses) [01;31m[K{[m[K
      |                                                                                                            [01;31m[K^[m[K
[01m[K/home/lemmy/robotis_ws/src/DynamixelSDK/dynamixel_sdk_examples/src/position_control_node.cpp:119:97:[m[K [01;31m[Kerror: [m[Ka function-definition is not allowed here before â€˜[01m[K{[m[Kâ€™ token
  119 |     void publishPresentLoad(const std::vector<int32_t>& ids, const std::vector<int32_t>& loads) [01;31m[K{[m[K
      |                                                                                                 [01;31m[K^[m[K
gmake[2]: *** [CMakeFiles/position_control_node.dir/build.make:76: CMakeFiles/position_control_node.dir/src/position_control_node.cpp.o] Error 1
gmake[1]: *** [CMakeFiles/Makefile2:165: CMakeFiles/position_control_node.dir/all] Error 2
gmake[1]: *** Waiting for unfinished jobs....
[ 75%] [32m[1mLinking CXX executable velocity_control_node[0m
[ 75%] Built target velocity_control_node
gmake: *** [Makefile:146: all] Error 2
