[0.078s] Invoking command in '/home/lemmy/robotis_ws/build/dynamixel_sdk_examples': CMAKE_PREFIX_PATH=/home/lemmy/robotis_ws/install/dynamixel_sdk_custom_interfaces:/home/lemmy/robotis_ws/install/dynamixel_sdk:/home/lemmy/robotis_ws/install/joystick_listener:/home/lemmy/robotis_ws/install/dynamixel_sdk_examples:/home/lemmy/ros2_ws/install/pantilt_bot_description:/home/lemmy/ros2_ws/install/open_manipulator_x_description:/home/lemmy/ros2_ws/install/dynamixel_hardware:/home/lemmy/robotis_ws/install/wheels_control:/home/lemmy/ros2_ws/install/my_robot_controller:/opt/ros/humble LD_LIBRARY_PATH=/home/lemmy/robotis_ws/install/dynamixel_sdk_custom_interfaces/lib:/home/lemmy/robotis_ws/install/dynamixel_sdk/lib:/home/lemmy/robotis_ws/install/joystick_listener/lib:/home/lemmy/ros2_ws/install/dynamixel_hardware/lib:/opt/ros/humble/opt/rviz_ogre_vendor/lib:/opt/ros/humble/lib/aarch64-linux-gnu:/opt/ros/humble/lib PYTHONPATH=/home/lemmy/robotis_ws/install/dynamixel_sdk_custom_interfaces/lib/python3.10/site-packages:/home/lemmy/robotis_ws/install/wheels_control/lib/python3.10/site-packages:/home/lemmy/robotis_ws/install/joystick_listener/lib/python3.10/site-packages:/home/lemmy/ros2_ws/install/my_robot_controller/lib/python3.10/site-packages:/opt/ros/humble/lib/python3.10/site-packages:/opt/ros/humble/local/lib/python3.10/dist-packages /usr/bin/cmake --build /home/lemmy/robotis_ws/build/dynamixel_sdk_examples -- -j4 -l4
[0.253s] -- Found ament_cmake: 1.3.8 (/opt/ros/humble/share/ament_cmake/cmake)
[0.986s] -- Found dynamixel_sdk: 3.7.60 (/home/lemmy/robotis_ws/install/dynamixel_sdk/share/dynamixel_sdk/cmake)
[0.993s] -- Found dynamixel_sdk_custom_interfaces: 3.7.60 (/home/lemmy/robotis_ws/install/dynamixel_sdk_custom_interfaces/share/dynamixel_sdk_custom_interfaces/cmake)
[1.171s] -- Found rosidl_generator_c: 3.1.5 (/opt/ros/humble/share/rosidl_generator_c/cmake)
[1.184s] -- Found rosidl_adapter: 3.1.5 (/opt/ros/humble/share/rosidl_adapter/cmake)
[1.212s] -- Found rosidl_generator_cpp: 3.1.5 (/opt/ros/humble/share/rosidl_generator_cpp/cmake)
[1.267s] -- Using all available rosidl_typesupport_c: rosidl_typesupport_fastrtps_c;rosidl_typesupport_introspection_c
[1.342s] -- Using all available rosidl_typesupport_cpp: rosidl_typesupport_fastrtps_cpp;rosidl_typesupport_introspection_cpp
[1.580s] -- Found rclcpp: 16.0.8 (/opt/ros/humble/share/rclcpp/cmake)
[1.825s] -- Found rmw_implementation_cmake: 6.1.1 (/opt/ros/humble/share/rmw_implementation_cmake/cmake)
[1.831s] -- Found rmw_fastrtps_cpp: 6.2.6 (/opt/ros/humble/share/rmw_fastrtps_cpp/cmake)
[2.891s] -- Using RMW implementation 'rmw_fastrtps_cpp' as default
[3.610s] -- Found ament_lint_auto: 0.12.10 (/opt/ros/humble/share/ament_lint_auto/cmake)
[4.099s] -- Added test 'copyright' to check source files copyright and LICENSE
[4.154s] -- Added test 'cppcheck' to perform static code analysis on C / C++ code
[4.155s] -- Configured cppcheck include dirs: /home/lemmy/robotis_ws/src/DynamixelSDK/dynamixel_sdk_examples/include
[4.156s] -- Configured cppcheck exclude dirs and/or files: 
[4.211s] -- Added test 'cpplint' to check C / C++ code against the Google style
[4.211s] -- Configured cpplint exclude dirs and/or files: 
[4.234s] -- Added test 'lint_cmake' to check CMake code style
[4.298s] -- Added test 'uncrustify' to check C / C++ code style
[4.299s] -- Configured uncrustify additional arguments: 
[4.308s] -- Added test 'xmllint' to check XML markup files
[4.313s] -- Configuring done
[4.421s] -- Generating done
[4.432s] -- Build files have been written to: /home/lemmy/robotis_ws/build/dynamixel_sdk_examples
[4.566s] [35m[1mConsolidate compiler generated dependencies of target velocity_control_node[0m
[4.567s] [35m[1mConsolidate compiler generated dependencies of target position_control_node[0m
[4.714s] [ 50%] [32mBuilding CXX object CMakeFiles/velocity_control_node.dir/src/velocity_control_node.cpp.o[0m
[4.714s] [ 50%] [32mBuilding CXX object CMakeFiles/position_control_node.dir/src/position_control_node.cpp.o[0m
[17.875s] In file included from [01m[K/home/lemmy/robotis_ws/src/DynamixelSDK/dynamixel_sdk_examples/src/position_control_node.cpp:11[m[K:
[17.876s] [01m[K/home/lemmy/robotis_ws/src/DynamixelSDK/dynamixel_sdk_examples/include/position_control_node.hpp:33:62:[m[K [01;31m[Kerror: [m[Kâ€˜[01m[KMovingStatus[m[Kâ€™ in namespace â€˜[01m[Kdynamixel_sdk_custom_interfaces::msg[m[Kâ€™ does not name a type
[17.877s]    33 |   using MovingStatus = dynamixel_sdk_custom_interfaces::msg::[01;31m[KMovingStatus[m[K;
[17.877s]       |                                                              [01;31m[K^~~~~~~~~~~~[m[K
[17.878s] [01m[K/home/lemmy/robotis_ws/src/DynamixelSDK/dynamixel_sdk_examples/include/position_control_node.hpp:34:61:[m[K [01;31m[Kerror: [m[Kâ€˜[01m[KPresentLoad[m[Kâ€™ in namespace â€˜[01m[Kdynamixel_sdk_custom_interfaces::msg[m[Kâ€™ does not name a type
[17.878s]    34 |   using PresentLoad = dynamixel_sdk_custom_interfaces::msg::[01;31m[KPresentLoad[m[K;
[17.879s]       |                                                             [01;31m[K^~~~~~~~~~~[m[K
[18.140s] [01m[K/home/lemmy/robotis_ws/src/DynamixelSDK/dynamixel_sdk_examples/include/position_control_node.hpp:46:59:[m[K [01;31m[Kerror: [m[Kâ€˜[01m[KStatus[m[Kâ€™ is not a member of â€˜[01m[Kdynamixel_sdk_custom_interfaces::msg[m[Kâ€™
[18.141s]    46 |   rclcpp::Publisher<dynamixel_sdk_custom_interfaces::msg::[01;31m[KStatus[m[K>::SharedPtr moving_status_publisher_;
[18.141s]       |                                                           [01;31m[K^~~~~~[m[K
[18.142s] [01m[K/home/lemmy/robotis_ws/src/DynamixelSDK/dynamixel_sdk_examples/include/position_control_node.hpp:46:65:[m[K [01;31m[Kerror: [m[Ktemplate argument 1 is invalid
[18.142s]    46 |   rclcpp::Publisher<dynamixel_sdk_custom_interfaces::msg::Status[01;31m[K>[m[K::SharedPtr moving_status_publisher_;
[18.142s]       |                                                                 [01;31m[K^[m[K
[18.147s] [01m[K/home/lemmy/robotis_ws/src/DynamixelSDK/dynamixel_sdk_examples/include/position_control_node.hpp:46:68:[m[K [01;31m[Kerror: [m[Kexpected â€˜[01m[K;[m[Kâ€™ at end of member declaration
[18.147s]    46 |   rclcpp::Publisher<dynamixel_sdk_custom_interfaces::msg::Status>::[01;31m[KSharedPtr[m[K moving_status_publisher_;
[18.147s]       |                                                                    [01;31m[K^~~~~~~~~[m[K
[18.148s]       |                                                                             [32m[K;[m[K
[18.165s] [01m[K/home/lemmy/robotis_ws/src/DynamixelSDK/dynamixel_sdk_examples/include/position_control_node.hpp:46:78:[m[K [01;31m[Kerror: [m[Kâ€˜[01m[Kmoving_status_publisher_[m[Kâ€™ does not name a type
[18.165s]    46 |   rclcpp::Publisher<dynamixel_sdk_custom_interfaces::msg::Status>::SharedPtr [01;31m[Kmoving_status_publisher_[m[K;
[18.166s]       |                                                                              [01;31m[K^~~~~~~~~~~~~~~~~~~~~~~~[m[K
[18.167s] [01m[K/home/lemmy/robotis_ws/src/DynamixelSDK/dynamixel_sdk_examples/include/position_control_node.hpp:47:59:[m[K [01;31m[Kerror: [m[Kâ€˜[01m[KStatus[m[Kâ€™ is not a member of â€˜[01m[Kdynamixel_sdk_custom_interfaces::msg[m[Kâ€™
[18.168s]    47 |   rclcpp::Publisher<dynamixel_sdk_custom_interfaces::msg::[01;31m[KStatus[m[K>::SharedPtr present_load_publisher_;
[18.168s]       |                                                           [01;31m[K^~~~~~[m[K
[18.169s] [01m[K/home/lemmy/robotis_ws/src/DynamixelSDK/dynamixel_sdk_examples/include/position_control_node.hpp:47:65:[m[K [01;31m[Kerror: [m[Ktemplate argument 1 is invalid
[18.169s]    47 |   rclcpp::Publisher<dynamixel_sdk_custom_interfaces::msg::Status[01;31m[K>[m[K::SharedPtr present_load_publisher_;
[18.169s]       |                                                                 [01;31m[K^[m[K
[18.170s] [01m[K/home/lemmy/robotis_ws/src/DynamixelSDK/dynamixel_sdk_examples/include/position_control_node.hpp:47:68:[m[K [01;31m[Kerror: [m[Kexpected â€˜[01m[K;[m[Kâ€™ at end of member declaration
[18.171s]    47 |   rclcpp::Publisher<dynamixel_sdk_custom_interfaces::msg::Status>::[01;31m[KSharedPtr[m[K present_load_publisher_;
[18.171s]       |                                                                    [01;31m[K^~~~~~~~~[m[K
[18.172s]       |                                                                             [32m[K;[m[K
[18.172s] [01m[K/home/lemmy/robotis_ws/src/DynamixelSDK/dynamixel_sdk_examples/include/position_control_node.hpp:47:68:[m[K [01;31m[Kerror: [m[Kredeclaration of â€˜[01m[Kint PositionControlNode::SharedPtr[m[Kâ€™
[18.172s] [01m[K/home/lemmy/robotis_ws/src/DynamixelSDK/dynamixel_sdk_examples/include/position_control_node.hpp:46:68:[m[K [01;36m[Knote: [m[Kprevious declaration â€˜[01m[Kint PositionControlNode::SharedPtr[m[Kâ€™
[18.173s]    46 |   rclcpp::Publisher<dynamixel_sdk_custom_interfaces::msg::Status>::[01;36m[KSharedPtr[m[K moving_status_publisher_;
[18.173s]       |                                                                    [01;36m[K^~~~~~~~~[m[K
[18.180s] [01m[K/home/lemmy/robotis_ws/src/DynamixelSDK/dynamixel_sdk_examples/include/position_control_node.hpp:47:78:[m[K [01;31m[Kerror: [m[Kâ€˜[01m[Kpresent_load_publisher_[m[Kâ€™ does not name a type
[18.181s]    47 |   rclcpp::Publisher<dynamixel_sdk_custom_interfaces::msg::Status>::SharedPtr [01;31m[Kpresent_load_publisher_[m[K;
[18.182s]       |                                                                              [01;31m[K^~~~~~~~~~~~~~~~~~~~~~~[m[K
[18.242s] [01m[K/home/lemmy/robotis_ws/src/DynamixelSDK/dynamixel_sdk_examples/src/position_control_node.cpp:[m[K In constructor â€˜[01m[KPositionControlNode::PositionControlNode()[m[Kâ€™:
[18.243s] [01m[K/home/lemmy/robotis_ws/src/DynamixelSDK/dynamixel_sdk_examples/src/position_control_node.cpp:48:5:[m[K [01;31m[Kerror: [m[Kâ€˜[01m[Kmoving_status_publisher_[m[Kâ€™ was not declared in this scope
[18.243s]    48 |     [01;31m[Kmoving_status_publisher_[m[K = this->create_publisher<MovingStatus>("moving_status", 10);
[18.244s]       |     [01;31m[K^~~~~~~~~~~~~~~~~~~~~~~~[m[K
[18.272s] [01m[K/home/lemmy/robotis_ws/src/DynamixelSDK/dynamixel_sdk_examples/src/position_control_node.cpp:48:55:[m[K [01;31m[Kerror: [m[Kâ€˜[01m[KMovingStatus[m[Kâ€™ was not declared in this scope
[18.273s]    48 |     moving_status_publisher_ = this->create_publisher<[01;31m[KMovingStatus[m[K>("moving_status", 10);
[18.273s]       |                                                       [01;31m[K^~~~~~~~~~~~[m[K
[18.273s] [01m[K/home/lemmy/robotis_ws/src/DynamixelSDK/dynamixel_sdk_examples/src/position_control_node.cpp:48:68:[m[K [01;31m[Kerror: [m[Kno matching function for call to â€˜[01m[KPositionControlNode::create_publisher<<expression error> >(const char [14], int)[m[Kâ€™
[18.274s]    48 |     moving_status_publisher_ = [01;31m[Kthis->create_publisher<MovingStatus>("moving_status", 10)[m[K;
[18.274s]       |                                [01;31m[K~~~~~~~~~~~~~~~~~~~~~~~~~~~~~~~~~~~~^~~~~~~~~~~~~~~~~~~~~[m[K
[18.277s] In file included from [01m[K/opt/ros/humble/include/rclcpp/rclcpp/executors/single_threaded_executor.hpp:28[m[K,
[18.278s]                  from [01m[K/opt/ros/humble/include/rclcpp/rclcpp/executors.hpp:22[m[K,
[18.279s]                  from [01m[K/opt/ros/humble/include/rclcpp/rclcpp/rclcpp.hpp:155[m[K,
[18.279s]                  from [01m[K/home/lemmy/robotis_ws/src/DynamixelSDK/dynamixel_sdk_examples/src/position_control_node.cpp:8[m[K:
[18.280s] [01m[K/opt/ros/humble/include/rclcpp/rclcpp/node.hpp:195:3:[m[K [01;36m[Knote: [m[Kcandidate: â€˜[01m[Ktemplate<class MessageT, class AllocatorT, class PublisherT> std::shared_ptr<PublisherT> rclcpp::Node::create_publisher(const string&, const rclcpp::QoS&, const rclcpp::PublisherOptionsWithAllocator<AllocatorT>&)[m[Kâ€™
[18.282s]   195 |   [01;36m[Kcreate_publisher[m[K(
[18.283s]       |   [01;36m[K^~~~~~~~~~~~~~~~[m[K
[18.284s] [01m[K/opt/ros/humble/include/rclcpp/rclcpp/node.hpp:195:3:[m[K [01;36m[Knote: [m[K  template argument deduction/substitution failed:
[18.284s] [01m[K/home/lemmy/robotis_ws/src/DynamixelSDK/dynamixel_sdk_examples/src/position_control_node.cpp:48:68:[m[K [01;31m[Kerror: [m[Ktemplate argument 1 is invalid
[18.286s]    48 |     moving_status_publisher_ = [01;31m[Kthis->create_publisher<MovingStatus>("moving_status", 10)[m[K;
[18.287s]       |                                [01;31m[K~~~~~~~~~~~~~~~~~~~~~~~~~~~~~~~~~~~~^~~~~~~~~~~~~~~~~~~~~[m[K
[18.323s] [01m[K/home/lemmy/robotis_ws/src/DynamixelSDK/dynamixel_sdk_examples/src/position_control_node.cpp:49:5:[m[K [01;31m[Kerror: [m[Kâ€˜[01m[Kpresent_load_publisher_[m[Kâ€™ was not declared in this scope
[18.324s]    49 |     [01;31m[Kpresent_load_publisher_[m[K = this->create_publisher<PresentLoad>("present_load", 10);
[18.324s]       |     [01;31m[K^~~~~~~~~~~~~~~~~~~~~~~[m[K
[18.352s] [01m[K/home/lemmy/robotis_ws/src/DynamixelSDK/dynamixel_sdk_examples/src/position_control_node.cpp:49:54:[m[K [01;31m[Kerror: [m[Kâ€˜[01m[KPresentLoad[m[Kâ€™ was not declared in this scope
[18.352s]    49 |     present_load_publisher_ = this->create_publisher<[01;31m[KPresentLoad[m[K>("present_load", 10);
[18.353s]       |                                                      [01;31m[K^~~~~~~~~~~[m[K
[18.354s] [01m[K/home/lemmy/robotis_ws/src/DynamixelSDK/dynamixel_sdk_examples/src/position_control_node.cpp:49:66:[m[K [01;31m[Kerror: [m[Kno matching function for call to â€˜[01m[KPositionControlNode::create_publisher<<expression error> >(const char [13], int)[m[Kâ€™
[18.354s]    49 |     present_load_publisher_ = [01;31m[Kthis->create_publisher<PresentLoad>("present_load", 10)[m[K;
[18.355s]       |                               [01;31m[K~~~~~~~~~~~~~~~~~~~~~~~~~~~~~~~~~~~^~~~~~~~~~~~~~~~~~~~[m[K
[18.355s] In file included from [01m[K/opt/ros/humble/include/rclcpp/rclcpp/executors/single_threaded_executor.hpp:28[m[K,
[18.356s]                  from [01m[K/opt/ros/humble/include/rclcpp/rclcpp/executors.hpp:22[m[K,
[18.356s]                  from [01m[K/opt/ros/humble/include/rclcpp/rclcpp/rclcpp.hpp:155[m[K,
[18.357s]                  from [01m[K/home/lemmy/robotis_ws/src/DynamixelSDK/dynamixel_sdk_examples/src/position_control_node.cpp:8[m[K:
[18.358s] [01m[K/opt/ros/humble/include/rclcpp/rclcpp/node.hpp:195:3:[m[K [01;36m[Knote: [m[Kcandidate: â€˜[01m[Ktemplate<class MessageT, class AllocatorT, class PublisherT> std::shared_ptr<PublisherT> rclcpp::Node::create_publisher(const string&, const rclcpp::QoS&, const rclcpp::PublisherOptionsWithAllocator<AllocatorT>&)[m[Kâ€™
[18.358s]   195 |   [01;36m[Kcreate_publisher[m[K(
[18.359s]       |   [01;36m[K^~~~~~~~~~~~~~~~[m[K
[18.359s] [01m[K/opt/ros/humble/include/rclcpp/rclcpp/node.hpp:195:3:[m[K [01;36m[Knote: [m[K  template argument deduction/substitution failed:
[18.360s] [01m[K/home/lemmy/robotis_ws/src/DynamixelSDK/dynamixel_sdk_examples/src/position_control_node.cpp:49:66:[m[K [01;31m[Kerror: [m[Ktemplate argument 1 is invalid
[18.360s]    49 |     present_load_publisher_ = [01;31m[Kthis->create_publisher<PresentLoad>("present_load", 10)[m[K;
[18.361s]       |                               [01;31m[K~~~~~~~~~~~~~~~~~~~~~~~~~~~~~~~~~~~^~~~~~~~~~~~~~~~~~~~[m[K
[18.383s] [01m[K/home/lemmy/robotis_ws/src/DynamixelSDK/dynamixel_sdk_examples/src/position_control_node.cpp:94:98:[m[K [01;31m[Kerror: [m[Ka function-definition is not allowed here before â€˜[01m[K{[m[Kâ€™ token
[18.384s]    94 |     void handle_position(const dynamixel_sdk_custom_interfaces::msg::SetPosition::SharedPtr msg) [01;31m[K{[m[K
[18.384s]       |                                                                                                  [01;31m[K^[m[K
[18.385s] [01m[K/home/lemmy/robotis_ws/src/DynamixelSDK/dynamixel_sdk_examples/src/position_control_node.cpp:112:108:[m[K [01;31m[Kerror: [m[Ka function-definition is not allowed here before â€˜[01m[K{[m[Kâ€™ token
[18.386s]   112 |     void publishMovingStatus(const std::vector<int32_t>& ids, const std::vector<uint8_t>& moving_statuses) [01;31m[K{[m[K
[18.387s]       |                                                                                                            [01;31m[K^[m[K
[18.387s] [01m[K/home/lemmy/robotis_ws/src/DynamixelSDK/dynamixel_sdk_examples/src/position_control_node.cpp:119:97:[m[K [01;31m[Kerror: [m[Ka function-definition is not allowed here before â€˜[01m[K{[m[Kâ€™ token
[18.388s]   119 |     void publishPresentLoad(const std::vector<int32_t>& ids, const std::vector<int32_t>& loads) [01;31m[K{[m[K
[18.388s]       |                                                                                                 [01;31m[K^[m[K
[28.564s] gmake[2]: *** [CMakeFiles/position_control_node.dir/build.make:76: CMakeFiles/position_control_node.dir/src/position_control_node.cpp.o] Error 1
[28.565s] gmake[1]: *** [CMakeFiles/Makefile2:165: CMakeFiles/position_control_node.dir/all] Error 2
[28.566s] gmake[1]: *** Waiting for unfinished jobs....
[42.791s] [ 75%] [32m[1mLinking CXX executable velocity_control_node[0m
[44.782s] [ 75%] Built target velocity_control_node
[44.786s] gmake: *** [Makefile:146: all] Error 2
[44.791s] Invoked command in '/home/lemmy/robotis_ws/build/dynamixel_sdk_examples' returned '2': CMAKE_PREFIX_PATH=/home/lemmy/robotis_ws/install/dynamixel_sdk_custom_interfaces:/home/lemmy/robotis_ws/install/dynamixel_sdk:/home/lemmy/robotis_ws/install/joystick_listener:/home/lemmy/robotis_ws/install/dynamixel_sdk_examples:/home/lemmy/ros2_ws/install/pantilt_bot_description:/home/lemmy/ros2_ws/install/open_manipulator_x_description:/home/lemmy/ros2_ws/install/dynamixel_hardware:/home/lemmy/robotis_ws/install/wheels_control:/home/lemmy/ros2_ws/install/my_robot_controller:/opt/ros/humble LD_LIBRARY_PATH=/home/lemmy/robotis_ws/install/dynamixel_sdk_custom_interfaces/lib:/home/lemmy/robotis_ws/install/dynamixel_sdk/lib:/home/lemmy/robotis_ws/install/joystick_listener/lib:/home/lemmy/ros2_ws/install/dynamixel_hardware/lib:/opt/ros/humble/opt/rviz_ogre_vendor/lib:/opt/ros/humble/lib/aarch64-linux-gnu:/opt/ros/humble/lib PYTHONPATH=/home/lemmy/robotis_ws/install/dynamixel_sdk_custom_interfaces/lib/python3.10/site-packages:/home/lemmy/robotis_ws/install/wheels_control/lib/python3.10/site-packages:/home/lemmy/robotis_ws/install/joystick_listener/lib/python3.10/site-packages:/home/lemmy/ros2_ws/install/my_robot_controller/lib/python3.10/site-packages:/opt/ros/humble/lib/python3.10/site-packages:/opt/ros/humble/local/lib/python3.10/dist-packages /usr/bin/cmake --build /home/lemmy/robotis_ws/build/dynamixel_sdk_examples -- -j4 -l4
